#
# There is insufficient memory for the Java Runtime Environment to continue.
# Native memory allocation (malloc) failed to allocate 32744 bytes for ChunkPool::allocate
# Possible reasons:
#   The system is out of physical RAM or swap space
#   In 32 bit mode, the process size limit was hit
# Possible solutions:
#   Reduce memory load on the system
#   Increase physical memory or swap space
#   Check if swap backing store is full
#   Use 64 bit Java on a 64 bit OS
#   Decrease Java heap size (-Xmx/-Xms)
#   Decrease number of Java threads
#   Decrease Java thread stack sizes (-Xss)
#   Set larger code cache with -XX:ReservedCodeCacheSize=
# This output file may be truncated or incomplete.
#
#  Out of Memory Error (allocation.cpp:273), pid=3884, tid=0x00000000000018d4
#
# JRE version: OpenJDK Runtime Environment (8.0_76-b03) (build 1.8.0_76-release-b03)
# Java VM: OpenJDK 64-Bit Server VM (25.76-b03 mixed mode windows-amd64 compressed oops)
# Failed to write core dump. Minidumps are not enabled by default on client versions of Windows
#

---------------  T H R E A D  ---------------

Current thread (0x0000000015129800):  JavaThread "C2 CompilerThread0" daemon [_thread_in_native, id=6356, stack(0x0000000016780000,0x0000000016880000)]

Stack: [0x0000000016780000,0x0000000016880000]
[error occurred during error reporting (printing stack bounds), id 0xc0000005]

Native frames: (J=compiled Java code, j=interpreted, Vv=VM code, C=native code)


Current CompileTask:
C2:   6807 1522       4       com.android.dx.dex.code.RopToDop::dopFor (792 bytes)


---------------  P R O C E S S  ---------------

Java Threads: ( => current thread )
  0x0000000016c3b800 JavaThread "pool-1-thread-3" [_thread_in_Java, id=1920, stack(0x0000000017380000,0x0000000017480000)]
  0x0000000016bac800 JavaThread "pool-2-thread-1" [_thread_blocked, id=8148, stack(0x0000000017180000,0x0000000017280000)]
  0x0000000016a8b800 JavaThread "Service Thread" daemon [_thread_blocked, id=8288, stack(0x0000000016e80000,0x0000000016f80000)]
  0x0000000015189800 JavaThread "C1 CompilerThread2" daemon [_thread_blocked, id=7316, stack(0x0000000016980000,0x0000000016a80000)]
  0x000000001517e800 JavaThread "C2 CompilerThread1" daemon [_thread_in_native, id=9352, stack(0x0000000016880000,0x0000000016980000)]
=>0x0000000015129800 JavaThread "C2 CompilerThread0" daemon [_thread_in_native, id=6356, stack(0x0000000016780000,0x0000000016880000)]
  0x0000000015128800 JavaThread "Attach Listener" daemon [_thread_blocked, id=5764, stack(0x0000000016680000,0x0000000016780000)]
  0x0000000015127000 JavaThread "Signal Dispatcher" daemon [_thread_blocked, id=10524, stack(0x0000000016580000,0x0000000016680000)]
  0x0000000015118000 JavaThread "Finalizer" daemon [_thread_blocked, id=5128, stack(0x0000000016390000,0x0000000016490000)]
  0x0000000002a4f000 JavaThread "Reference Handler" daemon [_thread_blocked, id=8932, stack(0x0000000016290000,0x0000000016390000)]
  0x0000000002960800 JavaThread "main" [_thread_blocked, id=6008, stack(0x0000000002860000,0x0000000002960000)]

Other Threads:
  0x00000000150f5000 VMThread [stack: 0x0000000016190000,0x0000000016290000] [id=8948]
  0x0000000016a8c800 WatcherThread [stack: 0x0000000016f80000,0x0000000017080000] [id=10076]

VM state:not at safepoint (normal execution)

VM Mutex/Monitor currently owned by a thread: None

Heap:
 PSYoungGen      total 35328K, used 23176K [0x00000000eab00000, 0x00000000ed000000, 0x0000000100000000)
  eden space 32768K, 63% used [0x00000000eab00000,0x00000000ebf29438,0x00000000ecb00000)
  from space 2560K, 98% used [0x00000000ecd80000,0x00000000ecff8be0,0x00000000ed000000)
  to   space 2560K, 0% used [0x00000000ecb00000,0x00000000ecb00000,0x00000000ecd80000)
 ParOldGen       total 44032K, used 5219K [0x00000000c0000000, 0x00000000c2b00000, 0x00000000eab00000)
  object space 44032K, 11% used [0x00000000c0000000,0x00000000c0518d40,0x00000000c2b00000)
 Metaspace       used 6006K, capacity 7088K, committed 7296K, reserved 1056768K
  class space    used 566K, capacity 616K, committed 640K, reserved 1048576K

Card table byte_map: [0x0000000011e20000,0x0000000012030000] byte_map_base: 0x0000000011820000

Marking Bits: (ParMarkBitMap*) 0x00000000550e9d00
 Begin Bits: [0x0000000012590000, 0x0000000013590000)
 End Bits:   [0x0000000013590000, 0x0000000014590000)

Polling page: 0x0000000000ec0000

CodeCache: size=245760Kb used=6542Kb max_used=6542Kb free=239218Kb
 bounds [0x0000000002a60000, 0x00000000030d0000, 0x0000000011a60000]
 total_blobs=1794 nmethods=1532 adapters=175
 compilation: enabled

Compilation events (10 events):
Event: 6.257 Thread 0x0000000015129800 1459       4       com.android.dx.rop.type.Type::isCategory2 (36 bytes)
Event: 6.257 Thread 0x0000000015129800 nmethod 1459 0x0000000002fb91d0 code [0x0000000002fb9300, 0x0000000002fb9378]
Event: 6.257 Thread 0x0000000015129800 1505       4       com.android.dx.rop.type.Type::isIntlike (56 bytes)
Event: 6.258 Thread 0x0000000015129800 nmethod 1505 0x0000000002fc4c50 code [0x0000000002fc4d80, 0x0000000002fc4df8]
Event: 6.733 Thread 0x0000000015189800 1521       3       java.util.concurrent.ThreadPoolExecutor::runStateOf (5 bytes)
Event: 6.733 Thread 0x0000000015189800 nmethod 1521 0x00000000030b4e10 code [0x00000000030b4f60, 0x00000000030b5090]
Event: 6.733 Thread 0x0000000015129800 1522       4       com.android.dx.dex.code.RopToDop::dopFor (792 bytes)
Event: 6.734 Thread 0x0000000015189800 1523       3       com.android.dx.rop.cst.CstNat::equals (48 bytes)
Event: 6.735 Thread 0x0000000015189800 nmethod 1523 0x00000000030b3fd0 code [0x00000000030b41a0, 0x00000000030b4b98]
Event: 6.735 Thread 0x0000000015189800 1526       3       com.android.dx.cf.code.Merger::mergeLocals (122 bytes)

GC Heap History (4 events):
Event: 3.985 GC heap before
{Heap before GC invocations=1 (full 0):
 PSYoungGen      total 18944K, used 16384K [0x00000000eab00000, 0x00000000ec000000, 0x0000000100000000)
  eden space 16384K, 100% used [0x00000000eab00000,0x00000000ebb00000,0x00000000ebb00000)
  from space 2560K, 0% used [0x00000000ebd80000,0x00000000ebd80000,0x00000000ec000000)
  to   space 2560K, 0% used [0x00000000ebb00000,0x00000000ebb00000,0x00000000ebd80000)
 ParOldGen       total 44032K, used 0K [0x00000000c0000000, 0x00000000c2b00000, 0x00000000eab00000)
  object space 44032K, 0% used [0x00000000c0000000,0x00000000c0000000,0x00000000c2b00000)
 Metaspace       used 5521K, capacity 6704K, committed 6784K, reserved 1056768K
  class space    used 548K, capacity 616K, committed 640K, reserved 1048576K
Event: 4.091 GC heap after
Heap after GC invocations=1 (full 0):
 PSYoungGen      total 18944K, used 2551K [0x00000000eab00000, 0x00000000ed000000, 0x0000000100000000)
  eden space 16384K, 0% used [0x00000000eab00000,0x00000000eab00000,0x00000000ebb00000)
  from space 2560K, 99% used [0x00000000ebb00000,0x00000000ebd7dd08,0x00000000ebd80000)
  to   space 2560K, 0% used [0x00000000ecd80000,0x00000000ecd80000,0x00000000ed000000)
 ParOldGen       total 44032K, used 2474K [0x00000000c0000000, 0x00000000c2b00000, 0x00000000eab00000)
  object space 44032K, 5% used [0x00000000c0000000,0x00000000c026a880,0x00000000c2b00000)
 Metaspace       used 5521K, capacity 6704K, committed 6784K, reserved 1056768K
  class space    used 548K, capacity 616K, committed 640K, reserved 1048576K
}
Event: 5.212 GC heap before
{Heap before GC invocations=2 (full 0):
 PSYoungGen      total 18944K, used 18935K [0x00000000eab00000, 0x00000000ed000000, 0x0000000100000000)
  eden space 16384K, 100% used [0x00000000eab00000,0x00000000ebb00000,0x00000000ebb00000)
  from space 2560K, 99% used [0x00000000ebb00000,0x00000000ebd7dd08,0x00000000ebd80000)
  to   space 2560K, 0% used [0x00000000ecd80000,0x00000000ecd80000,0x00000000ed000000)
 ParOldGen       total 44032K, used 2474K [0x00000000c0000000, 0x00000000c2b00000, 0x00000000eab00000)
  object space 44032K, 5% used [0x00000000c0000000,0x00000000c026a880,0x00000000c2b00000)
 Metaspace       used 5873K, capacity 7024K, committed 7296K, reserved 1056768K
  class space    used 564K, capacity 616K, committed 640K, reserved 1048576K
Event: 5.333 GC heap after
Heap after GC invocations=2 (full 0):
 PSYoungGen      total 35328K, used 2530K [0x00000000eab00000, 0x00000000ed000000, 0x0000000100000000)
  eden space 32768K, 0% used [0x00000000eab00000,0x00000000eab00000,0x00000000ecb00000)
  from space 2560K, 98% used [0x00000000ecd80000,0x00000000ecff8be0,0x00000000ed000000)
  to   space 2560K, 0% used [0x00000000ecb00000,0x00000000ecb00000,0x00000000ecd80000)
 ParOldGen       total 44032K, used 5219K [0x00000000c0000000, 0x00000000c2b00000, 0x00000000eab00000)
  object space 44032K, 11% used [0x00000000c0000000,0x00000000c0518d40,0x00000000c2b00000)
 Metaspace       used 5873K, capacity 7024K, committed 7296K, reserved 1056768K
  class space    used 564K, capacity 616K, committed 640K, reserved 1048576K
}

Deoptimization events (10 events):
Event: 4.244 Thread 0x0000000002960800 Uncommon trap: reason=unstable_if action=reinterpret pc=0x0000000002e1e73c method=com.android.dx.rop.type.Type.intern(Ljava/lang/String;)Lcom/android/dx/rop/type/Type; @ 67
Event: 4.582 Thread 0x0000000016ba9800 Uncommon trap: reason=class_check action=maybe_recompile pc=0x0000000002e3985c method=com.android.dx.ssa.NormalSsaInsn.accept(Lcom/android/dx/ssa/SsaInsn$Visitor;)V @ 9
Event: 4.582 Thread 0x0000000016ba9800 Uncommon trap: reason=class_check action=maybe_recompile pc=0x0000000002e3985c method=com.android.dx.ssa.NormalSsaInsn.accept(Lcom/android/dx/ssa/SsaInsn$Visitor;)V @ 9
Event: 4.583 Thread 0x0000000016ba9800 Uncommon trap: reason=class_check action=maybe_recompile pc=0x0000000002d587b0 method=com.android.dx.ssa.NormalSsaInsn.accept(Lcom/android/dx/ssa/SsaInsn$Visitor;)V @ 9
Event: 4.943 Thread 0x0000000016c64000 Uncommon trap: reason=null_assert action=make_not_entrant pc=0x0000000002f4a870 method=com.android.dx.dex.cf.AttributeTranslator.getAnnotations0(Lcom/android/dx/cf/iface/AttributeList;)Lcom/android/dx/rop/annotation/Annotations; @ 20
Event: 4.949 Thread 0x0000000016c3b800 Uncommon trap: reason=unstable_if action=reinterpret pc=0x0000000002e8aa9c method=com.android.dx.ssa.SsaMethod.updateOneDefinition(Lcom/android/dx/ssa/SsaInsn;Lcom/android/dx/rop/code/RegisterSpec;)V @ 4
Event: 4.959 Thread 0x0000000016c3b800 Uncommon trap: reason=unstable_if action=reinterpret pc=0x0000000002c2c75c method=com.android.dx.rop.cst.Constant.compareTo(Lcom/android/dx/rop/cst/Constant;)I @ 12
Event: 4.981 Thread 0x0000000016c3b800 Uncommon trap: reason=null_assert action=make_not_entrant pc=0x0000000002f4ba30 method=com.android.dx.dex.cf.AttributeTranslator.getAnnotations0(Lcom/android/dx/cf/iface/AttributeList;)Lcom/android/dx/rop/annotation/Annotations; @ 20
Event: 6.036 Thread 0x0000000016c64000 Uncommon trap: reason=unstable_if action=reinterpret pc=0x0000000002f7e0a0 method=com.android.dx.ssa.SsaRenamer$BlockRenamer.addMapping(ILcom/android/dx/rop/code/RegisterSpec;)V @ 120
Event: 6.130 Thread 0x0000000016ba9800 Uncommon trap: reason=unstable_if action=reinterpret pc=0x000000000305db28 method=com.android.dx.ssa.SsaRenamer$BlockRenamer.addMapping(ILcom/android/dx/rop/code/RegisterSpec;)V @ 120

Internal exceptions (3 events):
Event: 0.518 Thread 0x0000000002960800 Exception <a 'java/lang/NoSuchMethodError': Method sun.misc.Unsafe.defineClass(Ljava/lang/String;[BII)Ljava/lang/Class; name or signature does not match> (0x00000000eab07cc0) thrown at [C:\src\android\AOSP-openjdk\external\jetbrains\jdk\hotspot\src\share\v<›ŸŸòà?
Event: 0.518 Thread 0x0000000002960800 Exception <a 'java/lang/NoSuchMethodError': Method sun.misc.Unsafe.prefetchRead(Ljava/lang/Object;J)V name or signature does not match> (0x00000000eab07fa8) thrown at [C:\src\android\AOSP-openjdk\external\jetbrains\jdk\hotspot\src\share\vm\prims\jni.cpp, l
Event: 4.165 Thread 0x0000000016bb5800 Implicit null exception at 0x0000000002e39e62 to 0x0000000002e39f61

Events (10 events):
Event: 6.036 Thread 0x0000000016c64000 DEOPT UNPACKING pc=0x0000000002aa556a sp=0x000000001757e2c0 mode 2
Event: 6.130 Thread 0x0000000016ba9800 Uncommon trap: trap_request=0xffffff65 fr.pc=0x000000000305db28
Event: 6.130 Thread 0x0000000016ba9800 DEOPT PACKING pc=0x000000000305db28 sp=0x000000001717e980
Event: 6.130 Thread 0x0000000016ba9800 DEOPT UNPACKING pc=0x0000000002aa556a sp=0x000000001717e840 mode 2
Event: 6.243 loading class java/util/HashMap$KeySet
Event: 6.243 loading class java/util/HashMap$KeySet done
Event: 6.243 loading class java/util/HashMap$KeyIterator
Event: 6.243 loading class java/util/HashMap$KeyIterator done
Event: 6.245 Thread 0x0000000016c64000 Thread exited: 0x0000000016c64000
Event: 6.733 Thread 0x0000000016bb5800 Thread exited: 0x0000000016bb5800


Dynamic libraries:
0x00007ff67e5f0000 - 0x00007ff67e621000 	C:\Program Files\Android\Android Studio\jre\bin\java.exe
0x00007ffb45f90000 - 0x00007ffb46161000 	C:\WINDOWS\SYSTEM32\ntdll.dll
0x00007ffb443d0000 - 0x00007ffb4447b000 	C:\WINDOWS\System32\KERNEL32.DLL
0x00007ffb43290000 - 0x00007ffb434ad000 	C:\WINDOWS\System32\KERNELBASE.dll
0x00007ffb45ee0000 - 0x00007ffb45f82000 	C:\WINDOWS\System32\ADVAPI32.dll
0x00007ffb43f20000 - 0x00007ffb43fbe000 	C:\WINDOWS\System32\msvcrt.dll
0x00007ffb43fc0000 - 0x00007ffb44019000 	C:\WINDOWS\System32\sechost.dll
0x00007ffb43590000 - 0x00007ffb436b1000 	C:\WINDOWS\System32\RPCRT4.dll
0x00007ffb45d30000 - 0x00007ffb45e95000 	C:\WINDOWS\System32\USER32.dll
0x00007ffb42520000 - 0x00007ffb4253e000 	C:\WINDOWS\System32\win32u.dll
0x00007ffb45ea0000 - 0x00007ffb45ed4000 	C:\WINDOWS\System32\GDI32.dll
0x00007ffb430a0000 - 0x00007ffb43222000 	C:\WINDOWS\System32\gdi32full.dll
0x00007ffb3ad50000 - 0x00007ffb3afc9000 	C:\WINDOWS\WinSxS\amd64_microsoft.windows.common-controls_6595b64144ccf1df_6.0.14393.447_none_42191651c6827bb3\COMCTL32.dll
0x00007ffb436c0000 - 0x00007ffb43987000 	C:\WINDOWS\System32\combase.dll
0x00007ffb42540000 - 0x00007ffb42635000 	C:\WINDOWS\System32\ucrtbase.dll
0x00007ffb434b0000 - 0x00007ffb4351a000 	C:\WINDOWS\System32\bcryptPrimitives.dll
0x00007ffb442c0000 - 0x00007ffb442ee000 	C:\WINDOWS\System32\IMM32.DLL
0x0000000054850000 - 0x0000000054922000 	C:\Program Files\Android\Android Studio\jre\jre\bin\msvcr100.dll
0x0000000054930000 - 0x0000000055164000 	C:\Program Files\Android\Android Studio\jre\jre\bin\server\jvm.dll
0x00007ffb44350000 - 0x00007ffb44358000 	C:\WINDOWS\System32\PSAPI.DLL
0x00007ffb347a0000 - 0x00007ffb347a9000 	C:\WINDOWS\SYSTEM32\WSOCK32.dll
0x00007ffb445f0000 - 0x00007ffb4465a000 	C:\WINDOWS\System32\WS2_32.dll
0x00007ffb402e0000 - 0x00007ffb40303000 	C:\WINDOWS\SYSTEM32\WINMM.dll
0x00007ffb3afe0000 - 0x00007ffb3afea000 	C:\WINDOWS\SYSTEM32\VERSION.dll
0x00007ffb40250000 - 0x00007ffb4027b000 	C:\WINDOWS\SYSTEM32\WINMMBASE.dll
0x00007ffb426f0000 - 0x00007ffb42732000 	C:\WINDOWS\System32\cfgmgr32.dll
0x00007ffb3f670000 - 0x00007ffb3f67f000 	C:\Program Files\Android\Android Studio\jre\jre\bin\verify.dll
0x00007ffb3a650000 - 0x00007ffb3a679000 	C:\Program Files\Android\Android Studio\jre\jre\bin\java.dll
0x00007ffb3f650000 - 0x00007ffb3f666000 	C:\Program Files\Android\Android Studio\jre\jre\bin\zip.dll
0x00007ffb44660000 - 0x00007ffb45b69000 	C:\WINDOWS\System32\SHELL32.dll
0x00007ffb42740000 - 0x00007ffb42e1a000 	C:\WINDOWS\System32\windows.storage.dll
0x00007ffb42420000 - 0x00007ffb4246c000 	C:\WINDOWS\System32\powrprof.dll
0x00007ffb43520000 - 0x00007ffb43572000 	C:\WINDOWS\System32\shlwapi.dll
0x00007ffb42410000 - 0x00007ffb4241f000 	C:\WINDOWS\System32\kernel.appcore.dll
0x00007ffb42640000 - 0x00007ffb426e9000 	C:\WINDOWS\System32\shcore.dll
0x00007ffb423f0000 - 0x00007ffb42404000 	C:\WINDOWS\System32\profapi.dll

VM Arguments:
jvm_args: -Djava.awt.headless=true -Xmx1024M -Dfile.encoding=windows-1252 -Duser.country=IN -Duser.language=en -Duser.variant 
java_command: com.android.dx.command.Main --dex --num-threads=4 --output E:\EcomSample-master\app\build\intermediates\pre-dexed\debug\debug_6ae96de4e2f30a6c53d90cb5a75ecc4325746138.jar E:\EcomSample-master\app\build\intermediates\classes\debug
java_class_path (initial): C:\Users\Naseem\AppData\Local\Android\sdk\build-tools\24.0.1\lib\dx.jar
Launcher Type: SUN_STANDARD

Environment Variables:
JAVA_HOME=C:\Program Files\Java\jdk1.8.0_101
PATH=C:\Users\Naseem\AppData\Local\Android\sdk;C:\Newgradle\gradle-3.1\bin;C:\Program Files\Git\cmd;C:\Program Files\Git\mingw64\bin;C:\Program Files\Git\usr\bin;C:\Program Files (x86)\Skype\Phone\;C:\Program Files\OpenSSL\bin\;C:\Program Files\Java\jdk1.8.0_101\bin
USERNAME=Naseem
OS=Windows_NT
PROCESSOR_IDENTIFIER=Intel64 Family 6 Model 58 Stepping 9, GenuineIntel



---------------  S Y S T E M  ---------------

OS: Windows 10.0 , 64 bit Build 14393 (10.0.14393.0)

CPU:total 4 (2 cores per cpu, 2 threads per core) family 6 model 58 stepping 9, cmov, cx8, fxsr, mmx, sse, sse2, sse3, ssse3, sse4.1, sse4.2, popcnt, avx, clmul, erms, ht, tsc, tscinvbit, tscinv

Memory: 4k page, physical 4090216k(310464k free), swap 7235944k(3304k free)

vm_info: OpenJDK 64-Bit Server VM (25.76-b03) for windows-amd64 JRE (1.8.0_76-release-b03), built on Jun 29 2016 19:09:20 by "ralucas" with MS VC++ 10.0 (VS2010)

time: Sat Oct 28 11:42:03 2017
elapsed time: 6 seconds (0d 0h 0m 6s)

