#
# There is insufficient memory for the Java Runtime Environment to continue.
# Native memory allocation (malloc) failed to allocate 32784 bytes for Chunk::new
# Possible reasons:
#   The system is out of physical RAM or swap space
#   In 32 bit mode, the process size limit was hit
# Possible solutions:
#   Reduce memory load on the system
#   Increase physical memory or swap space
#   Check if swap backing store is full
#   Use 64 bit Java on a 64 bit OS
#   Decrease Java heap size (-Xmx/-Xms)
#   Decrease number of Java threads
#   Decrease Java thread stack sizes (-Xss)
#   Set larger code cache with -XX:ReservedCodeCacheSize=
# This output file may be truncated or incomplete.
#
#  Out of Memory Error (allocation.cpp:390), pid=4704, tid=0x0000000000001b40
#
# JRE version: OpenJDK Runtime Environment (8.0_76-b03) (build 1.8.0_76-release-b03)
# Java VM: OpenJDK 64-Bit Server VM (25.76-b03 mixed mode windows-amd64 compressed oops)
# Failed to write core dump. Minidumps are not enabled by default on client versions of Windows
#

---------------  T H R E A D  ---------------

Current thread (0x0000000014faf000):  JavaThread "C2 CompilerThread1" daemon [_thread_in_native, id=6976, stack(0x0000000016700000,0x0000000016800000)]

Stack: [0x0000000016700000,0x0000000016800000]
[error occurred during error reporting (printing stack bounds), id 0xc0000005]

Native frames: (J=compiled Java code, j=interpreted, Vv=VM code, C=native code)


Current CompileTask:
C2:   3601 1099       4       com.android.dx.ssa.back.LivenessAnalyzer::run (231 bytes)


---------------  P R O C E S S  ---------------

Java Threads: ( => current thread )
  0x0000000016b56800 JavaThread "pool-1-thread-4" [_thread_in_Java, id=8604, stack(0x0000000017300000,0x0000000017400000)]
  0x0000000016b55000 JavaThread "pool-1-thread-3" [_thread_in_Java, id=2312, stack(0x0000000017200000,0x0000000017300000)]
  0x0000000016b37800 JavaThread "pool-1-thread-2" [_thread_in_vm, id=8964, stack(0x0000000017100000,0x0000000017200000)]
  0x0000000016b4c000 JavaThread "pool-2-thread-1" [_thread_blocked, id=8928, stack(0x0000000017000000,0x0000000017100000)]
  0x0000000016b63000 JavaThread "pool-1-thread-1" [_thread_in_Java, id=7676, stack(0x0000000016f00000,0x0000000017000000)]
  0x0000000016901800 JavaThread "Service Thread" daemon [_thread_blocked, id=5700, stack(0x0000000016d00000,0x0000000016e00000)]
  0x000000001500b800 JavaThread "C1 CompilerThread2" daemon [_thread_in_native, id=3104, stack(0x0000000016800000,0x0000000016900000)]
=>0x0000000014faf000 JavaThread "C2 CompilerThread1" daemon [_thread_in_native, id=6976, stack(0x0000000016700000,0x0000000016800000)]
  0x0000000014fab800 JavaThread "C2 CompilerThread0" daemon [_thread_in_native, id=5248, stack(0x0000000016600000,0x0000000016700000)]
  0x0000000014faa800 JavaThread "Attach Listener" daemon [_thread_blocked, id=1512, stack(0x0000000016500000,0x0000000016600000)]
  0x0000000014fa9000 JavaThread "Signal Dispatcher" daemon [_thread_blocked, id=7088, stack(0x0000000016400000,0x0000000016500000)]
  0x0000000014f98800 JavaThread "Finalizer" daemon [_thread_blocked, id=5180, stack(0x0000000016210000,0x0000000016310000)]
  0x00000000028af000 JavaThread "Reference Handler" daemon [_thread_blocked, id=2456, stack(0x0000000016110000,0x0000000016210000)]
  0x00000000027c0800 JavaThread "main" [_thread_blocked, id=10356, stack(0x00000000026c0000,0x00000000027c0000)]

Other Threads:
  0x0000000014f75800 VMThread [stack: 0x0000000016010000,0x0000000016110000] [id=1944]
  0x0000000016903800 WatcherThread [stack: 0x0000000016e00000,0x0000000016f00000] [id=10388]

VM state:not at safepoint (normal execution)

VM Mutex/Monitor currently owned by a thread: None

Heap:
 PSYoungGen      total 18944K, used 11975K [0x00000000eab00000, 0x00000000ec000000, 0x0000000100000000)
  eden space 16384K, 57% used [0x00000000eab00000,0x00000000eb433348,0x00000000ebb00000)
  from space 2560K, 99% used [0x00000000ebb00000,0x00000000ebd7eab8,0x00000000ebd80000)
  to   space 2560K, 0% used [0x00000000ebd80000,0x00000000ebd80000,0x00000000ec000000)
 ParOldGen       total 44032K, used 1538K [0x00000000c0000000, 0x00000000c2b00000, 0x00000000eab00000)
  object space 44032K, 3% used [0x00000000c0000000,0x00000000c0180a00,0x00000000c2b00000)
 Metaspace       used 5730K, capacity 6832K, committed 7040K, reserved 1056768K
  class space    used 561K, capacity 616K, committed 640K, reserved 1048576K

Card table byte_map: [0x0000000011c80000,0x0000000011e90000] byte_map_base: 0x0000000011680000

Marking Bits: (ParMarkBitMap*) 0x00000000550e9d00
 Begin Bits: [0x00000000123f0000, 0x00000000133f0000)
 End Bits:   [0x00000000133f0000, 0x00000000143f0000)

Polling page: 0x0000000000c40000

CodeCache: size=245760Kb used=4572Kb max_used=4572Kb free=241187Kb
 bounds [0x00000000028c0000, 0x0000000002d40000, 0x00000000118c0000]
 total_blobs=1375 nmethods=1113 adapters=176
 compilation: enabled

Compilation events (10 events):
Event: 3.567 Thread 0x000000001500b800 nmethod 1102 0x0000000002d06990 code [0x0000000002d07100, 0x0000000002d0c1c8]
Event: 3.567 Thread 0x000000001500b800 1105       3       com.android.dx.rop.type.StdTypeList::withFirst (53 bytes)
Event: 3.569 Thread 0x000000001500b800 nmethod 1105 0x0000000002d11d10 code [0x0000000002d11f80, 0x0000000002d130b8]
Event: 3.569 Thread 0x000000001500b800 1104       3       com.android.dx.cf.attrib.BaseLocalVariables::byteLength (14 bytes)
Event: 3.569 Thread 0x000000001500b800 nmethod 1104 0x0000000002d13d50 code [0x0000000002d13ec0, 0x0000000002d14110]
Event: 3.569 Thread 0x000000001500b800 1107       3       com.android.dx.cf.code.BasicBlocker::visitNoArgs (298 bytes)
Event: 3.571 Thread 0x000000001500b800 nmethod 1107 0x0000000002d14210 code [0x0000000002d14480, 0x0000000002d15238]
Event: 3.571 Thread 0x000000001500b800 1109       3       com.android.dx.rop.type.Type::isCategory2 (36 bytes)
Event: 3.571 Thread 0x000000001500b800 nmethod 1109 0x0000000002d15e10 code [0x0000000002d15f60, 0x0000000002d160d0]
Event: 3.571 Thread 0x000000001500b800 1108       3       com.android.dx.cf.code.Simulator$SimVisitor::visitNoArgs (2136 bytes)

GC Heap History (2 events):
Event: 3.056 GC heap before
{Heap before GC invocations=1 (full 0):
 PSYoungGen      total 18944K, used 16384K [0x00000000eab00000, 0x00000000ec000000, 0x0000000100000000)
  eden space 16384K, 100% used [0x00000000eab00000,0x00000000ebb00000,0x00000000ebb00000)
  from space 2560K, 0% used [0x00000000ebd80000,0x00000000ebd80000,0x00000000ec000000)
  to   space 2560K, 0% used [0x00000000ebb00000,0x00000000ebb00000,0x00000000ebd80000)
 ParOldGen       total 44032K, used 0K [0x00000000c0000000, 0x00000000c2b00000, 0x00000000eab00000)
  object space 44032K, 0% used [0x00000000c0000000,0x00000000c0000000,0x00000000c2b00000)
 Metaspace       used 5575K, capacity 6768K, committed 7040K, reserved 1056768K
  class space    used 558K, capacity 616K, committed 640K, reserved 1048576K
Event: 3.178 GC heap after
Heap after GC invocations=1 (full 0):
 PSYoungGen      total 18944K, used 2554K [0x00000000eab00000, 0x00000000ec000000, 0x0000000100000000)
  eden space 16384K, 0% used [0x00000000eab00000,0x00000000eab00000,0x00000000ebb00000)
  from space 2560K, 99% used [0x00000000ebb00000,0x00000000ebd7eab8,0x00000000ebd80000)
  to   space 2560K, 0% used [0x00000000ebd80000,0x00000000ebd80000,0x00000000ec000000)
 ParOldGen       total 44032K, used 1538K [0x00000000c0000000, 0x00000000c2b00000, 0x00000000eab00000)
  object space 44032K, 3% used [0x00000000c0000000,0x00000000c0180a00,0x00000000c2b00000)
 Metaspace       used 5575K, capacity 6768K, committed 7040K, reserved 1056768K
  class space    used 558K, capacity 616K, committed 640K, reserved 1048576K
}

Deoptimization events (10 events):
Event: 2.873 Thread 0x0000000016b56800 Uncommon trap: reason=class_check action=maybe_recompile pc=0x0000000002b54e70 method=com.android.dx.ssa.NormalSsaInsn.accept(Lcom/android/dx/ssa/SsaInsn$Visitor;)V @ 9
Event: 2.874 Thread 0x0000000016b56800 Uncommon trap: reason=class_check action=maybe_recompile pc=0x0000000002b54e70 method=com.android.dx.ssa.NormalSsaInsn.accept(Lcom/android/dx/ssa/SsaInsn$Visitor;)V @ 9
Event: 3.055 Thread 0x00000000027c0800 Uncommon trap: reason=class_check action=maybe_recompile pc=0x0000000002b9f7d4 method=com.android.dx.rop.type.Type.equals(Ljava/lang/Object;)Z @ 8
Event: 3.055 Thread 0x00000000027c0800 Uncommon trap: reason=unstable_if action=reinterpret pc=0x0000000002ba0dc4 method=com.android.dx.rop.code.RegisterSpec.equals(ILcom/android/dx/rop/type/TypeBearer;Lcom/android/dx/rop/code/LocalItem;)Z @ 16
Event: 3.055 Thread 0x00000000027c0800 Uncommon trap: reason=class_check action=maybe_recompile pc=0x0000000002b9f7d4 method=com.android.dx.rop.type.Type.equals(Ljava/lang/Object;)Z @ 8
Event: 3.055 Thread 0x00000000027c0800 Uncommon trap: reason=class_check action=maybe_recompile pc=0x0000000002b9f7d4 method=com.android.dx.rop.type.Type.equals(Ljava/lang/Object;)Z @ 8
Event: 3.055 Thread 0x00000000027c0800 Uncommon trap: reason=class_check action=maybe_recompile pc=0x0000000002b9f7d4 method=com.android.dx.rop.type.Type.equals(Ljava/lang/Object;)Z @ 8
Event: 3.222 Thread 0x0000000016b56800 Uncommon trap: reason=unstable_if action=reinterpret pc=0x0000000002b23274 method=java.util.BitSet.ensureCapacity(I)V @ 6
Event: 3.318 Thread 0x0000000016b55000 Uncommon trap: reason=unstable_if action=reinterpret pc=0x0000000002b666e8 method=java.util.HashMap.getNode(ILjava/lang/Object;)Ljava/util/HashMap$Node; @ 129
Event: 3.437 Thread 0x00000000027c0800 Uncommon trap: reason=null_check action=make_not_entrant pc=0x0000000002c06058 method=com.android.dx.ssa.SsaRenamer.getLocalForNewReg(I)Lcom/android/dx/rop/code/LocalItem; @ 19

Internal exceptions (3 events):
Event: 0.969 Thread 0x00000000027c0800 Exception <a 'java/lang/NoSuchMethodError': Method sun.misc.Unsafe.defineClass(Ljava/lang/String;[BII)Ljava/lang/Class; name or signature does not match> (0x00000000eab07cc0) thrown at [C:\src\android\AOSP-openjdk\external\jetbrains\jdk\hotspot\src\share\vÿV[Gï?
Event: 0.969 Thread 0x00000000027c0800 Exception <a 'java/lang/NoSuchMethodError': Method sun.misc.Unsafe.prefetchRead(Ljava/lang/Object;J)V name or signature does not match> (0x00000000eab07fa8) thrown at [C:\src\android\AOSP-openjdk\external\jetbrains\jdk\hotspot\src\share\vm\prims\jni.cpp, l¸ùLÈ~@
Event: 3.437 Thread 0x00000000027c0800 Implicit null exception at 0x0000000002c03bd3 to 0x0000000002c0600d

Events (10 events):
Event: 3.318 Thread 0x0000000016b55000 Uncommon trap: trap_request=0xffffff65 fr.pc=0x0000000002b666e8
Event: 3.319 Thread 0x0000000016b55000 DEOPT PACKING pc=0x0000000002b666e8 sp=0x00000000172fe620
Event: 3.319 Thread 0x0000000016b55000 DEOPT UNPACKING pc=0x000000000290556a sp=0x00000000172fe540 mode 2
Event: 3.437 Thread 0x00000000027c0800 Uncommon trap: trap_request=0xfffffff4 fr.pc=0x0000000002c06058
Event: 3.437 Thread 0x00000000027c0800 DEOPT PACKING pc=0x0000000002c06058 sp=0x00000000027be590
Event: 3.437 Thread 0x00000000027c0800 DEOPT UNPACKING pc=0x000000000290556a sp=0x00000000027be3e8 mode 2
Event: 3.486 loading class java/util/DualPivotQuicksort
Event: 3.486 loading class java/util/DualPivotQuicksort done
Event: 3.550 loading class com/android/dx/cf/attrib/AttExceptions
Event: 3.550 loading class com/android/dx/cf/attrib/AttExceptions done


Dynamic libraries:
0x00007ff67e5f0000 - 0x00007ff67e621000 	C:\Program Files\Android\Android Studio\jre\bin\java.exe
0x00007ffb45f90000 - 0x00007ffb46161000 	C:\WINDOWS\SYSTEM32\ntdll.dll
0x00007ffb443d0000 - 0x00007ffb4447b000 	C:\WINDOWS\System32\KERNEL32.DLL
0x00007ffb43290000 - 0x00007ffb434ad000 	C:\WINDOWS\System32\KERNELBASE.dll
0x00007ffb45ee0000 - 0x00007ffb45f82000 	C:\WINDOWS\System32\ADVAPI32.dll
0x00007ffb43f20000 - 0x00007ffb43fbe000 	C:\WINDOWS\System32\msvcrt.dll
0x00007ffb43fc0000 - 0x00007ffb44019000 	C:\WINDOWS\System32\sechost.dll
0x00007ffb43590000 - 0x00007ffb436b1000 	C:\WINDOWS\System32\RPCRT4.dll
0x00007ffb45d30000 - 0x00007ffb45e95000 	C:\WINDOWS\System32\USER32.dll
0x00007ffb42520000 - 0x00007ffb4253e000 	C:\WINDOWS\System32\win32u.dll
0x00007ffb45ea0000 - 0x00007ffb45ed4000 	C:\WINDOWS\System32\GDI32.dll
0x00007ffb430a0000 - 0x00007ffb43222000 	C:\WINDOWS\System32\gdi32full.dll
0x00007ffb3ad50000 - 0x00007ffb3afc9000 	C:\WINDOWS\WinSxS\amd64_microsoft.windows.common-controls_6595b64144ccf1df_6.0.14393.447_none_42191651c6827bb3\COMCTL32.dll
0x00007ffb436c0000 - 0x00007ffb43987000 	C:\WINDOWS\System32\combase.dll
0x00007ffb42540000 - 0x00007ffb42635000 	C:\WINDOWS\System32\ucrtbase.dll
0x00007ffb434b0000 - 0x00007ffb4351a000 	C:\WINDOWS\System32\bcryptPrimitives.dll
0x00007ffb442c0000 - 0x00007ffb442ee000 	C:\WINDOWS\System32\IMM32.DLL
0x0000000054850000 - 0x0000000054922000 	C:\Program Files\Android\Android Studio\jre\jre\bin\msvcr100.dll
0x0000000054930000 - 0x0000000055164000 	C:\Program Files\Android\Android Studio\jre\jre\bin\server\jvm.dll
0x00007ffb44350000 - 0x00007ffb44358000 	C:\WINDOWS\System32\PSAPI.DLL
0x00007ffb347a0000 - 0x00007ffb347a9000 	C:\WINDOWS\SYSTEM32\WSOCK32.dll
0x00007ffb445f0000 - 0x00007ffb4465a000 	C:\WINDOWS\System32\WS2_32.dll
0x00007ffb402e0000 - 0x00007ffb40303000 	C:\WINDOWS\SYSTEM32\WINMM.dll
0x00007ffb3afe0000 - 0x00007ffb3afea000 	C:\WINDOWS\SYSTEM32\VERSION.dll
0x00007ffb40250000 - 0x00007ffb4027b000 	C:\WINDOWS\SYSTEM32\WINMMBASE.dll
0x00007ffb426f0000 - 0x00007ffb42732000 	C:\WINDOWS\System32\cfgmgr32.dll
0x00007ffb3f670000 - 0x00007ffb3f67f000 	C:\Program Files\Android\Android Studio\jre\jre\bin\verify.dll
0x00007ffb3a650000 - 0x00007ffb3a679000 	C:\Program Files\Android\Android Studio\jre\jre\bin\java.dll
0x00007ffb3f650000 - 0x00007ffb3f666000 	C:\Program Files\Android\Android Studio\jre\jre\bin\zip.dll
0x00007ffb44660000 - 0x00007ffb45b69000 	C:\WINDOWS\System32\SHELL32.dll
0x00007ffb42740000 - 0x00007ffb42e1a000 	C:\WINDOWS\System32\windows.storage.dll
0x00007ffb42420000 - 0x00007ffb4246c000 	C:\WINDOWS\System32\powrprof.dll
0x00007ffb43520000 - 0x00007ffb43572000 	C:\WINDOWS\System32\shlwapi.dll
0x00007ffb42410000 - 0x00007ffb4241f000 	C:\WINDOWS\System32\kernel.appcore.dll
0x00007ffb42640000 - 0x00007ffb426e9000 	C:\WINDOWS\System32\shcore.dll
0x00007ffb423f0000 - 0x00007ffb42404000 	C:\WINDOWS\System32\profapi.dll

VM Arguments:
jvm_args: -Djava.awt.headless=true -Xmx1024M -Dfile.encoding=windows-1252 -Duser.country=IN -Duser.language=en -Duser.variant 
java_command: com.android.dx.command.Main --dex --num-threads=4 --output E:\EcomSample-master\app\build\intermediates\pre-dexed\debug\com.android.support-recyclerview-v7-24.2.1_eb187188e52402523b998988f5842f4030b28232.jar E:\EcomSample-master\app\build\intermediates\exploded-aar\com.android.support\recyclerview-v7\24.2.1\jars\classes.jar
java_class_path (initial): C:\Users\Naseem\AppData\Local\Android\sdk\build-tools\24.0.1\lib\dx.jar
Launcher Type: SUN_STANDARD

Environment Variables:
JAVA_HOME=C:\Program Files\Java\jdk1.8.0_101
PATH=C:\Users\Naseem\AppData\Local\Android\sdk;C:\Newgradle\gradle-3.1\bin;C:\Program Files\Git\cmd;C:\Program Files\Git\mingw64\bin;C:\Program Files\Git\usr\bin;C:\Program Files (x86)\Skype\Phone\;C:\Program Files\OpenSSL\bin\;C:\Program Files\Java\jdk1.8.0_101\bin
USERNAME=Naseem
OS=Windows_NT
PROCESSOR_IDENTIFIER=Intel64 Family 6 Model 58 Stepping 9, GenuineIntel



---------------  S Y S T E M  ---------------

OS: Windows 10.0 , 64 bit Build 14393 (10.0.14393.0)

CPU:total 4 (2 cores per cpu, 2 threads per core) family 6 model 58 stepping 9, cmov, cx8, fxsr, mmx, sse, sse2, sse3, ssse3, sse4.1, sse4.2, popcnt, avx, clmul, erms, ht, tsc, tscinvbit, tscinv

Memory: 4k page, physical 4090216k(287268k free), swap 7235944k(4100k free)

vm_info: OpenJDK 64-Bit Server VM (25.76-b03) for windows-amd64 JRE (1.8.0_76-release-b03), built on Jun 29 2016 19:09:20 by "ralucas" with MS VC++ 10.0 (VS2010)

time: Sat Oct 28 11:41:55 2017
elapsed time: 3 seconds (0d 0h 0m 3s)

