#
# There is insufficient memory for the Java Runtime Environment to continue.
# Native memory allocation (malloc) failed to allocate 32744 bytes for ChunkPool::allocate
# Possible reasons:
#   The system is out of physical RAM or swap space
#   In 32 bit mode, the process size limit was hit
# Possible solutions:
#   Reduce memory load on the system
#   Increase physical memory or swap space
#   Check if swap backing store is full
#   Use 64 bit Java on a 64 bit OS
#   Decrease Java heap size (-Xmx/-Xms)
#   Decrease number of Java threads
#   Decrease Java thread stack sizes (-Xss)
#   Set larger code cache with -XX:ReservedCodeCacheSize=
# This output file may be truncated or incomplete.
#
#  Out of Memory Error (allocation.cpp:273), pid=10096, tid=0x0000000000002a58
#
# JRE version: OpenJDK Runtime Environment (8.0_76-b03) (build 1.8.0_76-release-b03)
# Java VM: OpenJDK 64-Bit Server VM (25.76-b03 mixed mode windows-amd64 compressed oops)
# Failed to write core dump. Minidumps are not enabled by default on client versions of Windows
#

---------------  T H R E A D  ---------------

Current thread (0x00000000153ea800):  JavaThread "C2 CompilerThread0" daemon [_thread_in_native, id=10840, stack(0x0000000016a30000,0x0000000016b30000)]

Stack: [0x0000000016a30000,0x0000000016b30000]
[error occurred during error reporting (printing stack bounds), id 0xc0000005]

Native frames: (J=compiled Java code, j=interpreted, Vv=VM code, C=native code)


Current CompileTask:
C2:   1457 1187   !   4       com.android.dx.cf.code.BytecodeArray::parseInstruction (2764 bytes)


---------------  P R O C E S S  ---------------

Java Threads: ( => current thread )
  0x0000000016fff800 JavaThread "pool-2-thread-4" [_thread_in_Java, id=8864, stack(0x0000000018f00000,0x0000000019000000)]
  0x0000000016ffc800 JavaThread "pool-2-thread-3" [_thread_blocked, id=10484, stack(0x0000000018e00000,0x0000000018f00000)]
  0x0000000016ffc000 JavaThread "pool-2-thread-2" [_thread_blocked, id=9932, stack(0x0000000018d00000,0x0000000018e00000)]
  0x0000000017016000 JavaThread "pool-3-thread-1" [_thread_blocked, id=6012, stack(0x0000000018c00000,0x0000000018d00000)]
  0x0000000017127000 JavaThread "pool-2-thread-1" [_thread_blocked, id=2316, stack(0x0000000018b00000,0x0000000018c00000)]
  0x0000000016d58800 JavaThread "Service Thread" daemon [_thread_blocked, id=5224, stack(0x0000000017130000,0x0000000017230000)]
  0x00000000153f4800 JavaThread "C1 CompilerThread2" daemon [_thread_in_vm, id=5660, stack(0x0000000016c30000,0x0000000016d30000)]
  0x00000000153ed800 JavaThread "C2 CompilerThread1" daemon [_thread_in_native, id=2016, stack(0x0000000016b30000,0x0000000016c30000)]
=>0x00000000153ea800 JavaThread "C2 CompilerThread0" daemon [_thread_in_native, id=10840, stack(0x0000000016a30000,0x0000000016b30000)]
  0x00000000153e9800 JavaThread "Attach Listener" daemon [_thread_blocked, id=3260, stack(0x0000000016930000,0x0000000016a30000)]
  0x00000000153e8800 JavaThread "Signal Dispatcher" daemon [_thread_blocked, id=10988, stack(0x0000000016830000,0x0000000016930000)]
  0x00000000153d8800 JavaThread "Finalizer" daemon [_thread_blocked, id=5476, stack(0x0000000016640000,0x0000000016740000)]
  0x00000000153b7000 JavaThread "Reference Handler" daemon [_thread_blocked, id=5344, stack(0x0000000016540000,0x0000000016640000)]
  0x0000000002c20800 JavaThread "main" [_thread_in_vm_trans, id=10524, stack(0x0000000002b20000,0x0000000002c20000)]

Other Threads:
  0x00000000153b5000 VMThread [stack: 0x0000000016440000,0x0000000016540000] [id=2444]
  0x000000001544d800 WatcherThread [stack: 0x0000000017230000,0x0000000017330000] [id=7180]

VM state:not at safepoint (normal execution)

VM Mutex/Monitor currently owned by a thread: None

Heap:
 PSYoungGen      total 35328K, used 18082K [0x00000000eab00000, 0x00000000ed000000, 0x0000000100000000)
  eden space 32768K, 47% used [0x00000000eab00000,0x00000000eba2d450,0x00000000ecb00000)
  from space 2560K, 99% used [0x00000000ecd80000,0x00000000ecffb430,0x00000000ed000000)
  to   space 2560K, 0% used [0x00000000ecb00000,0x00000000ecb00000,0x00000000ecd80000)
 ParOldGen       total 44032K, used 3749K [0x00000000c0000000, 0x00000000c2b00000, 0x00000000eab00000)
  object space 44032K, 8% used [0x00000000c0000000,0x00000000c03a9778,0x00000000c2b00000)
 Metaspace       used 6031K, capacity 6960K, committed 7040K, reserved 1056768K
  class space    used 579K, capacity 616K, committed 640K, reserved 1048576K

Card table byte_map: [0x00000000120e0000,0x00000000122f0000] byte_map_base: 0x0000000011ae0000

Marking Bits: (ParMarkBitMap*) 0x00000000550e9d00
 Begin Bits: [0x0000000012850000, 0x0000000013850000)
 End Bits:   [0x0000000013850000, 0x0000000014850000)

Polling page: 0x0000000000e80000

CodeCache: size=245760Kb used=5177Kb max_used=5177Kb free=240582Kb
 bounds [0x0000000002d20000, 0x0000000003240000, 0x0000000011d20000]
 total_blobs=1611 nmethods=1342 adapters=183
 compilation: enabled

Compilation events (10 events):
Event: 1.430 Thread 0x00000000153f4800 nmethod 1326 0x0000000003215a90 code [0x0000000003215c20, 0x0000000003216078]
Event: 1.430 Thread 0x00000000153f4800 1327       3       com.android.dx.rop.code.Rops::opMoveParam (69 bytes)
Event: 1.431 Thread 0x00000000153f4800 nmethod 1327 0x0000000003216250 code [0x0000000003216480, 0x0000000003217058]
Event: 1.431 Thread 0x00000000153f4800 1329       3       com.android.dx.ssa.back.InterferenceGraph::<init> (42 bytes)
Event: 1.432 Thread 0x00000000153f4800 nmethod 1329 0x00000000032175d0 code [0x00000000032177e0, 0x00000000032182a8]
Event: 1.432 Thread 0x00000000153f4800 1330       3       com.android.dx.ssa.back.LivenessAnalyzer::constructInterferenceGraph (47 bytes)
Event: 1.433 Thread 0x00000000153f4800 nmethod 1330 0x0000000003218910 code [0x0000000003218ac0, 0x0000000003218ef8]
Event: 1.433 Thread 0x00000000153f4800 1331       3       com.android.dx.ssa.back.FirstFitLocalCombiningAllocator::handleUnassociatedParameters (60 bytes)
Event: 1.433 Thread 0x00000000153f4800 nmethod 1331 0x00000000032190d0 code [0x0000000003219280, 0x0000000003219938]
Event: 1.433 Thread 0x00000000153f4800 1332       3       com.android.dx.ssa.ConstCollector::updateConstUses (248 bytes)

GC Heap History (8 events):
Event: 0.407 GC heap before
{Heap before GC invocations=1 (full 0):
 PSYoungGen      total 18944K, used 16384K [0x00000000eab00000, 0x00000000ec000000, 0x0000000100000000)
  eden space 16384K, 100% used [0x00000000eab00000,0x00000000ebb00000,0x00000000ebb00000)
  from space 2560K, 0% used [0x00000000ebd80000,0x00000000ebd80000,0x00000000ec000000)
  to   space 2560K, 0% used [0x00000000ebb00000,0x00000000ebb00000,0x00000000ebd80000)
 ParOldGen       total 44032K, used 0K [0x00000000c0000000, 0x00000000c2b00000, 0x00000000eab00000)
  object space 44032K, 0% used [0x00000000c0000000,0x00000000c0000000,0x00000000c2b00000)
 Metaspace       used 3357K, capacity 4720K, committed 4864K, reserved 1056768K
  class space    used 351K, capacity 424K, committed 512K, reserved 1048576K
Event: 0.409 GC heap after
Heap after GC invocations=1 (full 0):
 PSYoungGen      total 18944K, used 1453K [0x00000000eab00000, 0x00000000ec000000, 0x0000000100000000)
  eden space 16384K, 0% used [0x00000000eab00000,0x00000000eab00000,0x00000000ebb00000)
  from space 2560K, 56% used [0x00000000ebb00000,0x00000000ebc6b5e0,0x00000000ebd80000)
  to   space 2560K, 0% used [0x00000000ebd80000,0x00000000ebd80000,0x00000000ec000000)
 ParOldGen       total 44032K, used 8K [0x00000000c0000000, 0x00000000c2b00000, 0x00000000eab00000)
  object space 44032K, 0% used [0x00000000c0000000,0x00000000c0002000,0x00000000c2b00000)
 Metaspace       used 3357K, capacity 4720K, committed 4864K, reserved 1056768K
  class space    used 351K, capacity 424K, committed 512K, reserved 1048576K
}
Event: 0.428 GC heap before
{Heap before GC invocations=2 (full 0):
 PSYoungGen      total 18944K, used 17837K [0x00000000eab00000, 0x00000000ec000000, 0x0000000100000000)
  eden space 16384K, 100% used [0x00000000eab00000,0x00000000ebb00000,0x00000000ebb00000)
  from space 2560K, 56% used [0x00000000ebb00000,0x00000000ebc6b5e0,0x00000000ebd80000)
  to   space 2560K, 0% used [0x00000000ebd80000,0x00000000ebd80000,0x00000000ec000000)
 ParOldGen       total 44032K, used 8K [0x00000000c0000000, 0x00000000c2b00000, 0x00000000eab00000)
  object space 44032K, 0% used [0x00000000c0000000,0x00000000c0002000,0x00000000c2b00000)
 Metaspace       used 3358K, capacity 4720K, committed 4864K, reserved 1056768K
  class space    used 351K, capacity 424K, committed 512K, reserved 1048576K
Event: 0.430 GC heap after
Heap after GC invocations=2 (full 0):
 PSYoungGen      total 18944K, used 1216K [0x00000000eab00000, 0x00000000ed000000, 0x0000000100000000)
  eden space 16384K, 0% used [0x00000000eab00000,0x00000000eab00000,0x00000000ebb00000)
  from space 2560K, 47% used [0x00000000ebd80000,0x00000000ebeb0020,0x00000000ec000000)
  to   space 2560K, 0% used [0x00000000ebb00000,0x00000000ebb00000,0x00000000ebd80000)
 ParOldGen       total 44032K, used 16K [0x00000000c0000000, 0x00000000c2b00000, 0x00000000eab00000)
  object space 44032K, 0% used [0x00000000c0000000,0x00000000c0004000,0x00000000c2b00000)
 Metaspace       used 3358K, capacity 4720K, committed 4864K, reserved 1056768K
  class space    used 351K, capacity 424K, committed 512K, reserved 1048576K
}
Event: 0.588 GC heap before
{Heap before GC invocations=3 (full 0):
 PSYoungGen      total 18944K, used 17600K [0x00000000eab00000, 0x00000000ed000000, 0x0000000100000000)
  eden space 16384K, 100% used [0x00000000eab00000,0x00000000ebb00000,0x00000000ebb00000)
  from space 2560K, 47% used [0x00000000ebd80000,0x00000000ebeb0020,0x00000000ec000000)
  to   space 2560K, 0% used [0x00000000ebb00000,0x00000000ebb00000,0x00000000ebd80000)
 ParOldGen       total 44032K, used 16K [0x00000000c0000000, 0x00000000c2b00000, 0x00000000eab00000)
  object space 44032K, 0% used [0x00000000c0000000,0x00000000c0004000,0x00000000c2b00000)
 Metaspace       used 3833K, capacity 5008K, committed 5120K, reserved 1056768K
  class space    used 414K, capacity 456K, committed 512K, reserved 1048576K
Event: 0.590 GC heap after
Heap after GC invocations=3 (full 0):
 PSYoungGen      total 18944K, used 1671K [0x00000000eab00000, 0x00000000ed000000, 0x0000000100000000)
  eden space 16384K, 0% used [0x00000000eab00000,0x00000000eab00000,0x00000000ebb00000)
  from space 2560K, 65% used [0x00000000ebb00000,0x00000000ebca1c70,0x00000000ebd80000)
  to   space 2560K, 0% used [0x00000000ecd80000,0x00000000ecd80000,0x00000000ed000000)
 ParOldGen       total 44032K, used 24K [0x00000000c0000000, 0x00000000c2b00000, 0x00000000eab00000)
  object space 44032K, 0% used [0x00000000c0000000,0x00000000c0006000,0x00000000c2b00000)
 Metaspace       used 3833K, capacity 5008K, committed 5120K, reserved 1056768K
  class space    used 414K, capacity 456K, committed 512K, reserved 1048576K
}
Event: 1.164 GC heap before
{Heap before GC invocations=4 (full 0):
 PSYoungGen      total 18944K, used 18055K [0x00000000eab00000, 0x00000000ed000000, 0x0000000100000000)
  eden space 16384K, 100% used [0x00000000eab00000,0x00000000ebb00000,0x00000000ebb00000)
  from space 2560K, 65% used [0x00000000ebb00000,0x00000000ebca1c70,0x00000000ebd80000)
  to   space 2560K, 0% used [0x00000000ecd80000,0x00000000ecd80000,0x00000000ed000000)
 ParOldGen       total 44032K, used 24K [0x00000000c0000000, 0x00000000c2b00000, 0x00000000eab00000)
  object space 44032K, 0% used [0x00000000c0000000,0x00000000c0006000,0x00000000c2b00000)
 Metaspace       used 5870K, capacity 6832K, committed 7040K, reserved 1056768K
  class space    used 577K, capacity 616K, committed 640K, reserved 1048576K
Event: 1.173 GC heap after
Heap after GC invocations=4 (full 0):
 PSYoungGen      total 35328K, used 2541K [0x00000000eab00000, 0x00000000ed000000, 0x0000000100000000)
  eden space 32768K, 0% used [0x00000000eab00000,0x00000000eab00000,0x00000000ecb00000)
  from space 2560K, 99% used [0x00000000ecd80000,0x00000000ecffb430,0x00000000ed000000)
  to   space 2560K, 0% used [0x00000000ecb00000,0x00000000ecb00000,0x00000000ecd80000)
 ParOldGen       total 44032K, used 3749K [0x00000000c0000000, 0x00000000c2b00000, 0x00000000eab00000)
  object space 44032K, 8% used [0x00000000c0000000,0x00000000c03a9778,0x00000000c2b00000)
 Metaspace       used 5870K, capacity 6832K, committed 7040K, reserved 1056768K
  class space    used 577K, capacity 616K, committed 640K, reserved 1048576K
}

Deoptimization events (10 events):
Event: 0.981 Thread 0x0000000016ffc000 Uncommon trap: reason=class_check action=maybe_recompile pc=0x0000000002ff4d30 method=com.android.dx.ssa.NormalSsaInsn.accept(Lcom/android/dx/ssa/SsaInsn$Visitor;)V @ 9
Event: 0.981 Thread 0x0000000016ffc000 Uncommon trap: reason=class_check action=maybe_recompile pc=0x0000000002ff4d30 method=com.android.dx.ssa.NormalSsaInsn.accept(Lcom/android/dx/ssa/SsaInsn$Visitor;)V @ 9
Event: 1.021 Thread 0x0000000016ffc000 Uncommon trap: reason=unstable_if action=reinterpret pc=0x000000000302e360 method=com.android.dx.rop.code.RegisterSpec.equals(ILcom/android/dx/rop/type/TypeBearer;Lcom/android/dx/rop/code/LocalItem;)Z @ 16
Event: 1.024 Thread 0x0000000016ffc000 Uncommon trap: reason=unstable_if action=reinterpret pc=0x0000000002fe16a4 method=java.util.HashMap.getNode(ILjava/lang/Object;)Ljava/util/HashMap$Node; @ 62
Event: 1.198 Thread 0x0000000002c20800 Uncommon trap: reason=class_check action=maybe_recompile pc=0x000000000303cca0 method=com.android.dx.rop.type.Type.equals(Ljava/lang/Object;)Z @ 8
Event: 1.202 Thread 0x0000000002c20800 Uncommon trap: reason=unstable_if action=reinterpret pc=0x0000000002fb93dc method=com.android.dx.rop.cst.Constant.compareTo(Lcom/android/dx/rop/cst/Constant;)I @ 12
Event: 1.242 Thread 0x0000000002c20800 Uncommon trap: reason=class_check action=maybe_recompile pc=0x000000000303cca0 method=com.android.dx.rop.type.Type.equals(Ljava/lang/Object;)Z @ 8
Event: 1.251 Thread 0x0000000016ffc000 Uncommon trap: reason=null_check action=make_not_entrant pc=0x000000000303ccb0 method=com.android.dx.rop.type.Type.equals(Ljava/lang/Object;)Z @ 8
Event: 1.339 Thread 0x0000000002c20800 Uncommon trap: reason=unstable_if action=reinterpret pc=0x000000000309c76c method=com.android.dx.rop.code.RegisterSpecSet.put(Lcom/android/dx/rop/code/RegisterSpec;)V @ 77
Event: 1.339 Thread 0x0000000002c20800 Uncommon trap: reason=unstable_if action=reinterpret pc=0x0000000003101d28 method=com.android.dx.rop.code.RegisterSpecSet.put(Lcom/android/dx/rop/code/RegisterSpec;)V @ 77

Internal exceptions (3 events):
Event: 0.060 Thread 0x0000000002c20800 Exception <a 'java/lang/NoSuchMethodError': Method sun.misc.Unsafe.defineClass(Ljava/lang/String;[BII)Ljava/lang/Class; name or signature does not match> (0x00000000eab07cc0) thrown at [C:\src\android\AOSP-openjdk\external\jetbrains\jdk\hotspot\src\share\v^‹Д*К®?
Event: 0.060 Thread 0x0000000002c20800 Exception <a 'java/lang/NoSuchMethodError': Method sun.misc.Unsafe.prefetchRead(Ljava/lang/Object;J)V name or signature does not match> (0x00000000eab07fa8) thrown at [C:\src\android\AOSP-openjdk\external\jetbrains\jdk\hotspot\src\share\vm\prims\jni.cpp, l$Ршу?
Event: 1.248 Thread 0x0000000016ffc000 Implicit null exception at 0x000000000303cba2 to 0x000000000303cca1

Events (10 events):
Event: 1.251 Thread 0x0000000016ffc000 DEOPT PACKING pc=0x000000000303ccb0 sp=0x0000000018dfe870
Event: 1.251 Thread 0x0000000016ffc000 DEOPT UNPACKING pc=0x0000000002d6556a sp=0x0000000018dfe818 mode 2
Event: 1.269 loading class com/android/dx/cf/code/SwitchList
Event: 1.269 loading class com/android/dx/cf/code/SwitchList done
Event: 1.339 Thread 0x0000000002c20800 Uncommon trap: trap_request=0xffffff65 fr.pc=0x000000000309c76c
Event: 1.339 Thread 0x0000000002c20800 DEOPT PACKING pc=0x000000000309c76c sp=0x0000000002c1e660
Event: 1.339 Thread 0x0000000002c20800 DEOPT UNPACKING pc=0x0000000002d6556a sp=0x0000000002c1e5e8 mode 2
Event: 1.339 Thread 0x0000000002c20800 Uncommon trap: trap_request=0xffffff65 fr.pc=0x0000000003101d28
Event: 1.339 Thread 0x0000000002c20800 DEOPT PACKING pc=0x0000000003101d28 sp=0x0000000002c1e650
Event: 1.339 Thread 0x0000000002c20800 DEOPT UNPACKING pc=0x0000000002d6556a sp=0x0000000002c1e570 mode 2


Dynamic libraries:
0x00007ff67e5f0000 - 0x00007ff67e621000 	C:\Program Files\Android\Android Studio\jre\bin\java.exe
0x00007ffb45f90000 - 0x00007ffb46161000 	C:\WINDOWS\SYSTEM32\ntdll.dll
0x00007ffb443d0000 - 0x00007ffb4447b000 	C:\WINDOWS\System32\KERNEL32.DLL
0x00007ffb43290000 - 0x00007ffb434ad000 	C:\WINDOWS\System32\KERNELBASE.dll
0x00007ffb45ee0000 - 0x00007ffb45f82000 	C:\WINDOWS\System32\ADVAPI32.dll
0x00007ffb43f20000 - 0x00007ffb43fbe000 	C:\WINDOWS\System32\msvcrt.dll
0x00007ffb43fc0000 - 0x00007ffb44019000 	C:\WINDOWS\System32\sechost.dll
0x00007ffb43590000 - 0x00007ffb436b1000 	C:\WINDOWS\System32\RPCRT4.dll
0x00007ffb45d30000 - 0x00007ffb45e95000 	C:\WINDOWS\System32\USER32.dll
0x00007ffb42520000 - 0x00007ffb4253e000 	C:\WINDOWS\System32\win32u.dll
0x00007ffb45ea0000 - 0x00007ffb45ed4000 	C:\WINDOWS\System32\GDI32.dll
0x00007ffb430a0000 - 0x00007ffb43222000 	C:\WINDOWS\System32\gdi32full.dll
0x00007ffb3ad50000 - 0x00007ffb3afc9000 	C:\WINDOWS\WinSxS\amd64_microsoft.windows.common-controls_6595b64144ccf1df_6.0.14393.447_none_42191651c6827bb3\COMCTL32.dll
0x00007ffb436c0000 - 0x00007ffb43987000 	C:\WINDOWS\System32\combase.dll
0x00007ffb42540000 - 0x00007ffb42635000 	C:\WINDOWS\System32\ucrtbase.dll
0x00007ffb434b0000 - 0x00007ffb4351a000 	C:\WINDOWS\System32\bcryptPrimitives.dll
0x00007ffb442c0000 - 0x00007ffb442ee000 	C:\WINDOWS\System32\IMM32.DLL
0x0000000054850000 - 0x0000000054922000 	C:\Program Files\Android\Android Studio\jre\jre\bin\msvcr100.dll
0x0000000054930000 - 0x0000000055164000 	C:\Program Files\Android\Android Studio\jre\jre\bin\server\jvm.dll
0x00007ffb44350000 - 0x00007ffb44358000 	C:\WINDOWS\System32\PSAPI.DLL
0x00007ffb402e0000 - 0x00007ffb40303000 	C:\WINDOWS\SYSTEM32\WINMM.dll
0x00007ffb3afe0000 - 0x00007ffb3afea000 	C:\WINDOWS\SYSTEM32\VERSION.dll
0x00007ffb347a0000 - 0x00007ffb347a9000 	C:\WINDOWS\SYSTEM32\WSOCK32.dll
0x00007ffb445f0000 - 0x00007ffb4465a000 	C:\WINDOWS\System32\WS2_32.dll
0x00007ffb40250000 - 0x00007ffb4027b000 	C:\WINDOWS\SYSTEM32\WINMMBASE.dll
0x00007ffb426f0000 - 0x00007ffb42732000 	C:\WINDOWS\System32\cfgmgr32.dll
0x00007ffb3f670000 - 0x00007ffb3f67f000 	C:\Program Files\Android\Android Studio\jre\jre\bin\verify.dll
0x00007ffb3a650000 - 0x00007ffb3a679000 	C:\Program Files\Android\Android Studio\jre\jre\bin\java.dll
0x00007ffb3f650000 - 0x00007ffb3f666000 	C:\Program Files\Android\Android Studio\jre\jre\bin\zip.dll
0x00007ffb44660000 - 0x00007ffb45b69000 	C:\WINDOWS\System32\SHELL32.dll
0x00007ffb42740000 - 0x00007ffb42e1a000 	C:\WINDOWS\System32\windows.storage.dll
0x00007ffb42420000 - 0x00007ffb4246c000 	C:\WINDOWS\System32\powrprof.dll
0x00007ffb43520000 - 0x00007ffb43572000 	C:\WINDOWS\System32\shlwapi.dll
0x00007ffb42410000 - 0x00007ffb4241f000 	C:\WINDOWS\System32\kernel.appcore.dll
0x00007ffb42640000 - 0x00007ffb426e9000 	C:\WINDOWS\System32\shcore.dll
0x00007ffb423f0000 - 0x00007ffb42404000 	C:\WINDOWS\System32\profapi.dll

VM Arguments:
jvm_args: -Djava.awt.headless=true -Xmx1024M -Dfile.encoding=windows-1252 -Duser.country=IN -Duser.language=en -Duser.variant 
java_command: com.android.dx.command.Main --dex --num-threads=4 --multi-dex --main-dex-list E:\EcomSample-master\app\build\intermediates\multi-dex\debug\maindexlist.txt --output E:\EcomSample-master\app\build\intermediates\transforms\dex\debug\folders\1000\1f\main E:\EcomSample-master\app\build\intermediates\transforms\jarMerging\debug\jars\1\1f\combined.jar
java_class_path (initial): C:\Users\Naseem\AppData\Local\Android\sdk\build-tools\24.0.1\lib\dx.jar
Launcher Type: SUN_STANDARD

Environment Variables:
JAVA_HOME=C:\Program Files\Java\jdk1.8.0_101
PATH=C:\Users\Naseem\AppData\Local\Android\sdk;C:\Newgradle\gradle-3.1\bin;C:\Program Files\Git\cmd;C:\Program Files\Git\mingw64\bin;C:\Program Files\Git\usr\bin;C:\Program Files (x86)\Skype\Phone\;C:\Program Files\OpenSSL\bin\;C:\Program Files\Java\jdk1.8.0_101\bin
USERNAME=Naseem
OS=Windows_NT
PROCESSOR_IDENTIFIER=Intel64 Family 6 Model 58 Stepping 9, GenuineIntel



---------------  S Y S T E M  ---------------

OS: Windows 10.0 , 64 bit Build 14393 (10.0.14393.0)

CPU:total 4 (2 cores per cpu, 2 threads per core) family 6 model 58 stepping 9, cmov, cx8, fxsr, mmx, sse, sse2, sse3, ssse3, sse4.1, sse4.2, popcnt, avx, clmul, erms, ht, tsc, tscinvbit, tscinv

Memory: 4k page, physical 4090216k(469948k free), swap 7235944k(3540k free)

vm_info: OpenJDK 64-Bit Server VM (25.76-b03) for windows-amd64 JRE (1.8.0_76-release-b03), built on Jun 29 2016 19:09:20 by "ralucas" with MS VC++ 10.0 (VS2010)

time: Sat Oct 28 11:51:10 2017
elapsed time: 1 seconds (0d 0h 0m 1s)

