#
# There is insufficient memory for the Java Runtime Environment to continue.
# Native memory allocation (malloc) failed to allocate 742656 bytes for Chunk::new
# Possible reasons:
#   The system is out of physical RAM or swap space
#   In 32 bit mode, the process size limit was hit
# Possible solutions:
#   Reduce memory load on the system
#   Increase physical memory or swap space
#   Check if swap backing store is full
#   Use 64 bit Java on a 64 bit OS
#   Decrease Java heap size (-Xmx/-Xms)
#   Decrease number of Java threads
#   Decrease Java thread stack sizes (-Xss)
#   Set larger code cache with -XX:ReservedCodeCacheSize=
# This output file may be truncated or incomplete.
#
#  Out of Memory Error (allocation.cpp:390), pid=7196, tid=0x00000000000011ac
#
# JRE version: OpenJDK Runtime Environment (8.0_76-b03) (build 1.8.0_76-release-b03)
# Java VM: OpenJDK 64-Bit Server VM (25.76-b03 mixed mode windows-amd64 compressed oops)
# Failed to write core dump. Minidumps are not enabled by default on client versions of Windows
#

---------------  T H R E A D  ---------------

Current thread (0x0000000015279800):  JavaThread "C2 CompilerThread1" daemon [_thread_in_native, id=4524, stack(0x00000000169e0000,0x0000000016ae0000)]

Stack: [0x00000000169e0000,0x0000000016ae0000]
[error occurred during error reporting (printing stack bounds), id 0xc0000005]

Native frames: (J=compiled Java code, j=interpreted, Vv=VM code, C=native code)


Current CompileTask:
C2:   4828 1446   !   4       com.android.dx.cf.cst.ConstantPoolParser::parse0 (731 bytes)


---------------  P R O C E S S  ---------------

Java Threads: ( => current thread )
  0x0000000016db4000 JavaThread "pool-1-thread-4" [_thread_blocked, id=8716, stack(0x00000000175e0000,0x00000000176e0000)]
  0x0000000016dc7800 JavaThread "pool-1-thread-3" [_thread_blocked, id=7460, stack(0x00000000174e0000,0x00000000175e0000)]
  0x0000000016d92000 JavaThread "pool-1-thread-2" [_thread_blocked, id=11220, stack(0x00000000173e0000,0x00000000174e0000)]
  0x0000000016dc3000 JavaThread "pool-2-thread-1" [_thread_blocked, id=9132, stack(0x00000000172e0000,0x00000000173e0000)]
  0x0000000016dc1800 JavaThread "pool-1-thread-1" [_thread_blocked, id=9124, stack(0x00000000171e0000,0x00000000172e0000)]
  0x00000000152de000 JavaThread "Service Thread" daemon [_thread_blocked, id=10824, stack(0x0000000016fe0000,0x00000000170e0000)]
  0x0000000015281000 JavaThread "C1 CompilerThread2" daemon [_thread_blocked, id=8552, stack(0x0000000016ae0000,0x0000000016be0000)]
=>0x0000000015279800 JavaThread "C2 CompilerThread1" daemon [_thread_in_native, id=4524, stack(0x00000000169e0000,0x0000000016ae0000)]
  0x0000000015277000 JavaThread "C2 CompilerThread0" daemon [_thread_in_native, id=5532, stack(0x00000000168e0000,0x00000000169e0000)]
  0x0000000015287000 JavaThread "Attach Listener" daemon [_thread_blocked, id=8648, stack(0x00000000167e0000,0x00000000168e0000)]
  0x0000000015286000 JavaThread "Signal Dispatcher" daemon [_thread_blocked, id=11044, stack(0x00000000166e0000,0x00000000167e0000)]
  0x0000000015268000 JavaThread "Finalizer" daemon [_thread_blocked, id=9012, stack(0x00000000164f0000,0x00000000165f0000)]
  0x0000000002b9f000 JavaThread "Reference Handler" daemon [_thread_blocked, id=8112, stack(0x00000000163f0000,0x00000000164f0000)]
  0x0000000002ab0800 JavaThread "main" [_thread_blocked, id=8012, stack(0x0000000002900000,0x0000000002a00000)]

Other Threads:
  0x0000000015245800 VMThread [stack: 0x00000000162f0000,0x00000000163f0000] [id=5648]
  0x0000000016bea800 WatcherThread [stack: 0x00000000170e0000,0x00000000171e0000] [id=8800]

VM state:not at safepoint (normal execution)

VM Mutex/Monitor currently owned by a thread: None

Heap:
 PSYoungGen      total 35328K, used 11803K [0x00000000eab00000, 0x00000000ed000000, 0x0000000100000000)
  eden space 32768K, 28% used [0x00000000eab00000,0x00000000eb40c1e0,0x00000000ecb00000)
  from space 2560K, 99% used [0x00000000ecd80000,0x00000000ecffaab8,0x00000000ed000000)
  to   space 2560K, 0% used [0x00000000ecb00000,0x00000000ecb00000,0x00000000ecd80000)
 ParOldGen       total 44032K, used 3787K [0x00000000c0000000, 0x00000000c2b00000, 0x00000000eab00000)
  object space 44032K, 8% used [0x00000000c0000000,0x00000000c03b2ef0,0x00000000c2b00000)
 Metaspace       used 6113K, capacity 7088K, committed 7296K, reserved 1056768K
  class space    used 578K, capacity 616K, committed 640K, reserved 1048576K

Card table byte_map: [0x0000000011f70000,0x0000000012180000] byte_map_base: 0x0000000011970000

Marking Bits: (ParMarkBitMap*) 0x00000000550e9d00
 Begin Bits: [0x00000000126e0000, 0x00000000136e0000)
 End Bits:   [0x00000000136e0000, 0x00000000146e0000)

Polling page: 0x0000000000d40000

CodeCache: size=245760Kb used=6025Kb max_used=6025Kb free=239734Kb
 bounds [0x0000000002bb0000, 0x00000000031a0000, 0x0000000011bb0000]
 total_blobs=1729 nmethods=1461 adapters=182
 compilation: enabled

Compilation events (10 events):
Event: 4.783 Thread 0x0000000015281000 1465       3       com.android.dx.cf.direct.MethodListParser::set (30 bytes)
Event: 4.784 Thread 0x0000000015281000 nmethod 1465 0x000000000317bd90 code [0x000000000317bf80, 0x000000000317c9b8]
Event: 4.784 Thread 0x0000000015281000 1466       3       com.android.dx.cf.iface.StdMember::getDescriptor (8 bytes)
Event: 4.784 Thread 0x0000000015281000 nmethod 1466 0x000000000317b990 code [0x000000000317bae0, 0x000000000317bcd0]
Event: 4.785 Thread 0x0000000015281000 1467       3       com.android.dx.rop.type.Prototype::intern (31 bytes)
Event: 4.786 Thread 0x0000000015281000 nmethod 1467 0x000000000317b310 code [0x000000000317b4a0, 0x000000000317b828]
Event: 4.786 Thread 0x0000000015281000 1468       3       com.android.dx.cf.direct.StdAttributeFactory::code (613 bytes)
Event: 4.796 Thread 0x0000000015281000 nmethod 1468 0x0000000003184550 code [0x0000000003184ec0, 0x000000000318bad8]
Event: 4.796 Thread 0x0000000015281000 1469       3       com.android.dx.cf.direct.StdAttributeFactory::lineNumberTable (204 bytes)
Event: 4.800 Thread 0x0000000015281000 nmethod 1469 0x0000000003192790 code [0x0000000003192c40, 0x0000000003195938]

GC Heap History (4 events):
Event: 2.890 GC heap before
{Heap before GC invocations=1 (full 0):
 PSYoungGen      total 18944K, used 16384K [0x00000000eab00000, 0x00000000ec000000, 0x0000000100000000)
  eden space 16384K, 100% used [0x00000000eab00000,0x00000000ebb00000,0x00000000ebb00000)
  from space 2560K, 0% used [0x00000000ebd80000,0x00000000ebd80000,0x00000000ec000000)
  to   space 2560K, 0% used [0x00000000ebb00000,0x00000000ebb00000,0x00000000ebd80000)
 ParOldGen       total 44032K, used 0K [0x00000000c0000000, 0x00000000c2b00000, 0x00000000eab00000)
  object space 44032K, 0% used [0x00000000c0000000,0x00000000c0000000,0x00000000c2b00000)
 Metaspace       used 5713K, capacity 6704K, committed 6784K, reserved 1056768K
  class space    used 576K, capacity 616K, committed 640K, reserved 1048576K
Event: 2.973 GC heap after
Heap after GC invocations=1 (full 0):
 PSYoungGen      total 18944K, used 2554K [0x00000000eab00000, 0x00000000ed000000, 0x0000000100000000)
  eden space 16384K, 0% used [0x00000000eab00000,0x00000000eab00000,0x00000000ebb00000)
  from space 2560K, 99% used [0x00000000ebb00000,0x00000000ebd7ea98,0x00000000ebd80000)
  to   space 2560K, 0% used [0x00000000ecd80000,0x00000000ecd80000,0x00000000ed000000)
 ParOldGen       total 44032K, used 1512K [0x00000000c0000000, 0x00000000c2b00000, 0x00000000eab00000)
  object space 44032K, 3% used [0x00000000c0000000,0x00000000c017a000,0x00000000c2b00000)
 Metaspace       used 5713K, capacity 6704K, committed 6784K, reserved 1056768K
  class space    used 576K, capacity 616K, committed 640K, reserved 1048576K
}
Event: 3.947 GC heap before
{Heap before GC invocations=2 (full 0):
 PSYoungGen      total 18944K, used 18938K [0x00000000eab00000, 0x00000000ed000000, 0x0000000100000000)
  eden space 16384K, 100% used [0x00000000eab00000,0x00000000ebb00000,0x00000000ebb00000)
  from space 2560K, 99% used [0x00000000ebb00000,0x00000000ebd7ea98,0x00000000ebd80000)
  to   space 2560K, 0% used [0x00000000ecd80000,0x00000000ecd80000,0x00000000ed000000)
 ParOldGen       total 44032K, used 1512K [0x00000000c0000000, 0x00000000c2b00000, 0x00000000eab00000)
  object space 44032K, 3% used [0x00000000c0000000,0x00000000c017a000,0x00000000c2b00000)
 Metaspace       used 6016K, capacity 6960K, committed 7040K, reserved 1056768K
  class space    used 576K, capacity 616K, committed 640K, reserved 1048576K
Event: 3.970 GC heap after
Heap after GC invocations=2 (full 0):
 PSYoungGen      total 35328K, used 2538K [0x00000000eab00000, 0x00000000ed000000, 0x0000000100000000)
  eden space 32768K, 0% used [0x00000000eab00000,0x00000000eab00000,0x00000000ecb00000)
  from space 2560K, 99% used [0x00000000ecd80000,0x00000000ecffaab8,0x00000000ed000000)
  to   space 2560K, 0% used [0x00000000ecb00000,0x00000000ecb00000,0x00000000ecd80000)
 ParOldGen       total 44032K, used 3787K [0x00000000c0000000, 0x00000000c2b00000, 0x00000000eab00000)
  object space 44032K, 8% used [0x00000000c0000000,0x00000000c03b2ef0,0x00000000c2b00000)
 Metaspace       used 6016K, capacity 6960K, committed 7040K, reserved 1056768K
  class space    used 576K, capacity 616K, committed 640K, reserved 1048576K
}

Deoptimization events (8 events):
Event: 1.488 Thread 0x0000000002ab0800 Uncommon trap: reason=unstable_if action=reinterpret pc=0x0000000002cebc50 method=java.lang.String.indexOf(II)I @ 49
Event: 2.174 Thread 0x0000000016db4000 Uncommon trap: reason=unstable_if action=reinterpret pc=0x0000000002dc37f0 method=java.util.BitSet.nextSetBit(I)I @ 87
Event: 2.529 Thread 0x0000000002ab0800 Uncommon trap: reason=unstable_if action=reinterpret pc=0x0000000002dba414 method=java.util.HashMap.getNode(ILjava/lang/Object;)Ljava/util/HashMap$Node; @ 129
Event: 3.087 Thread 0x0000000002ab0800 Uncommon trap: reason=unstable_if action=reinterpret pc=0x0000000002e79518 method=java.lang.String.<init>([CII)V @ 18
Event: 3.141 Thread 0x0000000002ab0800 Uncommon trap: reason=unstable_if action=reinterpret pc=0x0000000002dc6b28 method=java.lang.String.<init>([CII)V @ 18
Event: 3.336 Thread 0x0000000002ab0800 Uncommon trap: reason=unstable_if action=reinterpret pc=0x0000000002fe87fc method=com.android.dx.util.IntList.binarysearch(I)I @ 105
Event: 3.562 Thread 0x0000000016dc1800 Uncommon trap: reason=unstable_if action=reinterpret pc=0x0000000002ed861c method=com.android.dx.rop.cst.Constant.compareTo(Lcom/android/dx/rop/cst/Constant;)I @ 12
Event: 4.561 Thread 0x0000000016d92000 Uncommon trap: reason=unstable_if action=reinterpret pc=0x000000000311b990 method=com.android.dx.rop.code.DexTranslationAdvice.requiresSourcesInOrder(Lcom/android/dx/rop/code/Rop;Lcom/android/dx/rop/code/RegisterSpecList;)Z @ 21

Internal exceptions (2 events):
Event: 0.710 Thread 0x0000000002ab0800 Exception <a 'java/lang/NoSuchMethodError': Method sun.misc.Unsafe.defineClass(Ljava/lang/String;[BII)Ljava/lang/Class; name or signature does not match> (0x00000000eab07cc0) thrown at [C:\src\android\AOSP-openjdk\external\jetbrains\jdk\hotspot\src\share\v¨Y‰‚·æ?
Event: 0.710 Thread 0x0000000002ab0800 Exception <a 'java/lang/NoSuchMethodError': Method sun.misc.Unsafe.prefetchRead(Ljava/lang/Object;J)V name or signature does not match> (0x00000000eab07fa8) thrown at [C:\src\android\AOSP-openjdk\external\jetbrains\jdk\hotspot\src\share\vm\prims\jni.cpp, l

Events (10 events):
Event: 4.561 Thread 0x0000000016d92000 DEOPT PACKING pc=0x000000000311b990 sp=0x00000000174de930
Event: 4.561 Thread 0x0000000016d92000 DEOPT UNPACKING pc=0x0000000002bf556a sp=0x00000000174de8c0 mode 2
Event: 4.561 loading class java/util/TreeMap$EntrySet
Event: 4.561 loading class java/util/TreeMap$EntrySet done
Event: 4.561 loading class java/util/TreeMap$EntryIterator
Event: 4.562 loading class java/util/TreeMap$EntryIterator done
Event: 4.562 Executing VM operation: Deoptimize
Event: 4.684 Executing VM operation: Deoptimize done
Event: 4.815 Executing VM operation: EnableBiasedLocking
Event: 4.816 Executing VM operation: EnableBiasedLocking done


Dynamic libraries:
0x00007ff67e5f0000 - 0x00007ff67e621000 	C:\Program Files\Android\Android Studio\jre\bin\java.exe
0x00007ffb45f90000 - 0x00007ffb46161000 	C:\WINDOWS\SYSTEM32\ntdll.dll
0x00007ffb443d0000 - 0x00007ffb4447b000 	C:\WINDOWS\System32\KERNEL32.DLL
0x00007ffb43290000 - 0x00007ffb434ad000 	C:\WINDOWS\System32\KERNELBASE.dll
0x00007ffb45ee0000 - 0x00007ffb45f82000 	C:\WINDOWS\System32\ADVAPI32.dll
0x00007ffb43f20000 - 0x00007ffb43fbe000 	C:\WINDOWS\System32\msvcrt.dll
0x00007ffb43fc0000 - 0x00007ffb44019000 	C:\WINDOWS\System32\sechost.dll
0x00007ffb43590000 - 0x00007ffb436b1000 	C:\WINDOWS\System32\RPCRT4.dll
0x00007ffb45d30000 - 0x00007ffb45e95000 	C:\WINDOWS\System32\USER32.dll
0x00007ffb42520000 - 0x00007ffb4253e000 	C:\WINDOWS\System32\win32u.dll
0x00007ffb45ea0000 - 0x00007ffb45ed4000 	C:\WINDOWS\System32\GDI32.dll
0x00007ffb430a0000 - 0x00007ffb43222000 	C:\WINDOWS\System32\gdi32full.dll
0x00007ffb3ad50000 - 0x00007ffb3afc9000 	C:\WINDOWS\WinSxS\amd64_microsoft.windows.common-controls_6595b64144ccf1df_6.0.14393.447_none_42191651c6827bb3\COMCTL32.dll
0x00007ffb436c0000 - 0x00007ffb43987000 	C:\WINDOWS\System32\combase.dll
0x00007ffb42540000 - 0x00007ffb42635000 	C:\WINDOWS\System32\ucrtbase.dll
0x00007ffb434b0000 - 0x00007ffb4351a000 	C:\WINDOWS\System32\bcryptPrimitives.dll
0x00007ffb442c0000 - 0x00007ffb442ee000 	C:\WINDOWS\System32\IMM32.DLL
0x0000000054850000 - 0x0000000054922000 	C:\Program Files\Android\Android Studio\jre\jre\bin\msvcr100.dll
0x0000000054930000 - 0x0000000055164000 	C:\Program Files\Android\Android Studio\jre\jre\bin\server\jvm.dll
0x00007ffb347a0000 - 0x00007ffb347a9000 	C:\WINDOWS\SYSTEM32\WSOCK32.dll
0x00007ffb445f0000 - 0x00007ffb4465a000 	C:\WINDOWS\System32\WS2_32.dll
0x00007ffb44350000 - 0x00007ffb44358000 	C:\WINDOWS\System32\PSAPI.DLL
0x00007ffb3afe0000 - 0x00007ffb3afea000 	C:\WINDOWS\SYSTEM32\VERSION.dll
0x00007ffb402e0000 - 0x00007ffb40303000 	C:\WINDOWS\SYSTEM32\WINMM.dll
0x00000000028d0000 - 0x00000000028fb000 	C:\WINDOWS\SYSTEM32\WINMMBASE.dll
0x00007ffb426f0000 - 0x00007ffb42732000 	C:\WINDOWS\System32\cfgmgr32.dll
0x00007ffb3f670000 - 0x00007ffb3f67f000 	C:\Program Files\Android\Android Studio\jre\jre\bin\verify.dll
0x00007ffb3a650000 - 0x00007ffb3a679000 	C:\Program Files\Android\Android Studio\jre\jre\bin\java.dll
0x00007ffb3f650000 - 0x00007ffb3f666000 	C:\Program Files\Android\Android Studio\jre\jre\bin\zip.dll
0x00007ffb44660000 - 0x00007ffb45b69000 	C:\WINDOWS\System32\SHELL32.dll
0x00007ffb42740000 - 0x00007ffb42e1a000 	C:\WINDOWS\System32\windows.storage.dll
0x00007ffb42420000 - 0x00007ffb4246c000 	C:\WINDOWS\System32\powrprof.dll
0x00007ffb43520000 - 0x00007ffb43572000 	C:\WINDOWS\System32\shlwapi.dll
0x00007ffb42410000 - 0x00007ffb4241f000 	C:\WINDOWS\System32\kernel.appcore.dll
0x00007ffb42640000 - 0x00007ffb426e9000 	C:\WINDOWS\System32\shcore.dll
0x00007ffb423f0000 - 0x00007ffb42404000 	C:\WINDOWS\System32\profapi.dll

VM Arguments:
jvm_args: -Djava.awt.headless=true -Xmx1024M -Dfile.encoding=windows-1252 -Duser.country=IN -Duser.language=en -Duser.variant 
java_command: com.android.dx.command.Main --dex --num-threads=4 --output E:\EcomSample-master\app\build\intermediates\pre-dexed\debug\com.facebook.fresco-fbcore-0.14.1_e6af2bf81e1157a0dd7fa11e457b24b3c946f543.jar E:\EcomSample-master\app\build\intermediates\exploded-aar\com.facebook.fresco\fbcore\0.14.1\jars\classes.jar
java_class_path (initial): C:\Users\Naseem\AppData\Local\Android\sdk\build-tools\24.0.1\lib\dx.jar
Launcher Type: SUN_STANDARD

Environment Variables:
JAVA_HOME=C:\Program Files\Java\jdk1.8.0_101
PATH=C:\Users\Naseem\AppData\Local\Android\sdk;C:\Newgradle\gradle-3.1\bin;C:\Program Files\Git\cmd;C:\Program Files\Git\mingw64\bin;C:\Program Files\Git\usr\bin;C:\Program Files (x86)\Skype\Phone\;C:\Program Files\OpenSSL\bin\;C:\Program Files\Java\jdk1.8.0_101\bin
USERNAME=Naseem
OS=Windows_NT
PROCESSOR_IDENTIFIER=Intel64 Family 6 Model 58 Stepping 9, GenuineIntel



---------------  S Y S T E M  ---------------

OS: Windows 10.0 , 64 bit Build 14393 (10.0.14393.0)

CPU:total 4 (2 cores per cpu, 2 threads per core) family 6 model 58 stepping 9, cmov, cx8, fxsr, mmx, sse, sse2, sse3, ssse3, sse4.1, sse4.2, popcnt, avx, clmul, erms, ht, tsc, tscinvbit, tscinv

Memory: 4k page, physical 4090216k(325580k free), swap 7235944k(4092k free)

vm_info: OpenJDK 64-Bit Server VM (25.76-b03) for windows-amd64 JRE (1.8.0_76-release-b03), built on Jun 29 2016 19:09:20 by "ralucas" with MS VC++ 10.0 (VS2010)

time: Sat Oct 28 11:41:45 2017
elapsed time: 4 seconds (0d 0h 0m 4s)

