#
# There is insufficient memory for the Java Runtime Environment to continue.
# Native memory allocation (malloc) failed to allocate 1073296 bytes for Chunk::new
# Possible reasons:
#   The system is out of physical RAM or swap space
#   In 32 bit mode, the process size limit was hit
# Possible solutions:
#   Reduce memory load on the system
#   Increase physical memory or swap space
#   Check if swap backing store is full
#   Use 64 bit Java on a 64 bit OS
#   Decrease Java heap size (-Xmx/-Xms)
#   Decrease number of Java threads
#   Decrease Java thread stack sizes (-Xss)
#   Set larger code cache with -XX:ReservedCodeCacheSize=
# This output file may be truncated or incomplete.
#
#  Out of Memory Error (allocation.cpp:390), pid=4840, tid=0x00000000000027c8
#
# JRE version: OpenJDK Runtime Environment (8.0_76-b03) (build 1.8.0_76-release-b03)
# Java VM: OpenJDK 64-Bit Server VM (25.76-b03 mixed mode windows-amd64 compressed oops)
# Failed to write core dump. Minidumps are not enabled by default on client versions of Windows
#

---------------  T H R E A D  ---------------

Current thread (0x00000000157fd000):  JavaThread "C2 CompilerThread1" daemon [_thread_in_native, id=10184, stack(0x0000000016f50000,0x0000000017050000)]

Stack: [0x0000000016f50000,0x0000000017050000]
[error occurred during error reporting (printing stack bounds), id 0xc0000005]

Native frames: (J=compiled Java code, j=interpreted, Vv=VM code, C=native code)


Current CompileTask:
C2:   3813 1453       4       com.android.dx.dex.code.OutputFinisher::addConstants (93 bytes)


---------------  P R O C E S S  ---------------

Java Threads: ( => current thread )
  0x000000001585d800 JavaThread "Service Thread" daemon [_thread_blocked, id=10128, stack(0x0000000017550000,0x0000000017650000)]
  0x0000000015804800 JavaThread "C1 CompilerThread2" daemon [_thread_blocked, id=7300, stack(0x0000000017050000,0x0000000017150000)]
=>0x00000000157fd000 JavaThread "C2 CompilerThread1" daemon [_thread_in_native, id=10184, stack(0x0000000016f50000,0x0000000017050000)]
  0x00000000157fa000 JavaThread "C2 CompilerThread0" daemon [_thread_blocked, id=11092, stack(0x0000000016e50000,0x0000000016f50000)]
  0x00000000157f8800 JavaThread "Attach Listener" daemon [_thread_blocked, id=5244, stack(0x0000000016d50000,0x0000000016e50000)]
  0x00000000157f7000 JavaThread "Signal Dispatcher" daemon [_thread_blocked, id=8324, stack(0x0000000016c50000,0x0000000016d50000)]
  0x00000000157e8000 JavaThread "Finalizer" daemon [_thread_blocked, id=7668, stack(0x0000000016a60000,0x0000000016b60000)]
  0x000000000311f000 JavaThread "Reference Handler" daemon [_thread_blocked, id=3068, stack(0x0000000016960000,0x0000000016a60000)]
  0x0000000003030800 JavaThread "main" [_thread_in_Java, id=9600, stack(0x0000000002f30000,0x0000000003030000)]

Other Threads:
  0x00000000157c5800 VMThread [stack: 0x0000000016860000,0x0000000016960000] [id=1748]
  0x000000001585e800 WatcherThread [stack: 0x0000000017650000,0x0000000017750000] [id=10252]

VM state:not at safepoint (normal execution)

VM Mutex/Monitor currently owned by a thread: None

Heap:
 PSYoungGen      total 18944K, used 16227K [0x00000000eab00000, 0x00000000ed000000, 0x0000000100000000)
  eden space 16384K, 83% used [0x00000000eab00000,0x00000000eb85a188,0x00000000ebb00000)
  from space 2560K, 99% used [0x00000000ebd80000,0x00000000ebffeaa8,0x00000000ec000000)
  to   space 2560K, 0% used [0x00000000ebb00000,0x00000000ebb00000,0x00000000ebd80000)
 ParOldGen       total 44032K, used 3945K [0x00000000c0000000, 0x00000000c2b00000, 0x00000000eab00000)
  object space 44032K, 8% used [0x00000000c0000000,0x00000000c03da628,0x00000000c2b00000)
 Metaspace       used 6123K, capacity 7152K, committed 7296K, reserved 1056768K
  class space    used 581K, capacity 616K, committed 640K, reserved 1048576K

Card table byte_map: [0x00000000124f0000,0x0000000012700000] byte_map_base: 0x0000000011ef0000

Marking Bits: (ParMarkBitMap*) 0x00000000550e9d00
 Begin Bits: [0x0000000012c60000, 0x0000000013c60000)
 End Bits:   [0x0000000013c60000, 0x0000000014c60000)

Polling page: 0x00000000012d0000

CodeCache: size=245760Kb used=6273Kb max_used=6273Kb free=239486Kb
 bounds [0x0000000003130000, 0x0000000003760000, 0x0000000012130000]
 total_blobs=1800 nmethods=1538 adapters=176
 compilation: enabled

Compilation events (10 events):
Event: 3.768 Thread 0x0000000015804800 1549       1       com.android.dx.dex.code.form.Form11x::codeSize (2 bytes)
Event: 3.768 Thread 0x0000000015804800 nmethod 1549 0x0000000003750fd0 code [0x0000000003751120, 0x0000000003751230]
Event: 3.769 Thread 0x00000000157fa000 1550       4       com.android.dx.dex.code.DalvInsnList::get (9 bytes)
Event: 3.770 Thread 0x00000000157fa000 nmethod 1550 0x0000000003753f90 code [0x00000000037540e0, 0x00000000037541d8]
Event: 3.771 Thread 0x0000000015804800 1551       3       com.android.dx.dex.code.InsnFormat::unsignedFitsInShort (14 bytes)
Event: 3.771 Thread 0x0000000015804800 nmethod 1551 0x0000000003753c10 code [0x0000000003753d60, 0x0000000003753ef0]
Event: 3.771 Thread 0x0000000015804800 1552       3       com.android.dx.dex.code.CstInsn::getIndex (42 bytes)
Event: 3.772 Thread 0x0000000015804800 nmethod 1552 0x0000000003752ad0 code [0x0000000003752ce0, 0x0000000003753768]
Event: 3.772 Thread 0x0000000015804800 1553       3       com.android.dx.dex.code.StdCatchBuilder::handlersFor (216 bytes)
Event: 3.775 Thread 0x0000000015804800 nmethod 1553 0x0000000003754310 code [0x0000000003754680, 0x0000000003756818]

GC Heap History (4 events):
Event: 1.239 GC heap before
{Heap before GC invocations=1 (full 0):
 PSYoungGen      total 18944K, used 16384K [0x00000000eab00000, 0x00000000ec000000, 0x0000000100000000)
  eden space 16384K, 100% used [0x00000000eab00000,0x00000000ebb00000,0x00000000ebb00000)
  from space 2560K, 0% used [0x00000000ebd80000,0x00000000ebd80000,0x00000000ec000000)
  to   space 2560K, 0% used [0x00000000ebb00000,0x00000000ebb00000,0x00000000ebd80000)
 ParOldGen       total 44032K, used 0K [0x00000000c0000000, 0x00000000c2b00000, 0x00000000eab00000)
  object space 44032K, 0% used [0x00000000c0000000,0x00000000c0000000,0x00000000c2b00000)
 Metaspace       used 5581K, capacity 6768K, committed 7040K, reserved 1056768K
  class space    used 560K, capacity 616K, committed 640K, reserved 1048576K
Event: 1.247 GC heap after
Heap after GC invocations=1 (full 0):
 PSYoungGen      total 18944K, used 2554K [0x00000000eab00000, 0x00000000ec000000, 0x0000000100000000)
  eden space 16384K, 0% used [0x00000000eab00000,0x00000000eab00000,0x00000000ebb00000)
  from space 2560K, 99% used [0x00000000ebb00000,0x00000000ebd7eab8,0x00000000ebd80000)
  to   space 2560K, 0% used [0x00000000ebd80000,0x00000000ebd80000,0x00000000ec000000)
 ParOldGen       total 44032K, used 1405K [0x00000000c0000000, 0x00000000c2b00000, 0x00000000eab00000)
  object space 44032K, 3% used [0x00000000c0000000,0x00000000c015f718,0x00000000c2b00000)
 Metaspace       used 5581K, capacity 6768K, committed 7040K, reserved 1056768K
  class space    used 560K, capacity 616K, committed 640K, reserved 1048576K
}
Event: 2.074 GC heap before
{Heap before GC invocations=2 (full 0):
 PSYoungGen      total 18944K, used 18938K [0x00000000eab00000, 0x00000000ec000000, 0x0000000100000000)
  eden space 16384K, 100% used [0x00000000eab00000,0x00000000ebb00000,0x00000000ebb00000)
  from space 2560K, 99% used [0x00000000ebb00000,0x00000000ebd7eab8,0x00000000ebd80000)
  to   space 2560K, 0% used [0x00000000ebd80000,0x00000000ebd80000,0x00000000ec000000)
 ParOldGen       total 44032K, used 1405K [0x00000000c0000000, 0x00000000c2b00000, 0x00000000eab00000)
  object space 44032K, 3% used [0x00000000c0000000,0x00000000c015f718,0x00000000c2b00000)
 Metaspace       used 5850K, capacity 6960K, committed 7040K, reserved 1056768K
  class space    used 565K, capacity 616K, committed 640K, reserved 1048576K
Event: 2.270 GC heap after
Heap after GC invocations=2 (full 0):
 PSYoungGen      total 18944K, used 2554K [0x00000000eab00000, 0x00000000ed000000, 0x0000000100000000)
  eden space 16384K, 0% used [0x00000000eab00000,0x00000000eab00000,0x00000000ebb00000)
  from space 2560K, 99% used [0x00000000ebd80000,0x00000000ebffeaa8,0x00000000ec000000)
  to   space 2560K, 0% used [0x00000000ebb00000,0x00000000ebb00000,0x00000000ebd80000)
 ParOldGen       total 44032K, used 3945K [0x00000000c0000000, 0x00000000c2b00000, 0x00000000eab00000)
  object space 44032K, 8% used [0x00000000c0000000,0x00000000c03da628,0x00000000c2b00000)
 Metaspace       used 5850K, capacity 6960K, committed 7040K, reserved 1056768K
  class space    used 565K, capacity 616K, committed 640K, reserved 1048576K
}

Deoptimization events (10 events):
Event: 3.183 Thread 0x0000000003030800 Uncommon trap: reason=class_check action=maybe_recompile pc=0x0000000003558e04 method=java.util.HashMap.putVal(ILjava/lang/Object;Ljava/lang/Object;ZZ)Ljava/lang/Object; @ 203
Event: 3.183 Thread 0x0000000003030800 Uncommon trap: reason=class_check action=maybe_recompile pc=0x0000000003558e04 method=java.util.HashMap.putVal(ILjava/lang/Object;Ljava/lang/Object;ZZ)Ljava/lang/Object; @ 203
Event: 3.747 Thread 0x0000000003030800 Uncommon trap: reason=speculate_class_check action=maybe_recompile pc=0x00000000034a7be8 method=com.android.dx.util.FixedSizeList.equals(Ljava/lang/Object;)Z @ 25
Event: 3.747 Thread 0x0000000003030800 Uncommon trap: reason=class_check action=maybe_recompile pc=0x00000000034aa464 method=java.util.Arrays.equals([Ljava/lang/Object;[Ljava/lang/Object;)Z @ 62
Event: 3.747 Thread 0x0000000003030800 Uncommon trap: reason=speculate_class_check action=maybe_recompile pc=0x00000000034a7be8 method=com.android.dx.util.FixedSizeList.equals(Ljava/lang/Object;)Z @ 25
Event: 3.747 Thread 0x0000000003030800 Uncommon trap: reason=class_check action=maybe_recompile pc=0x00000000034aa464 method=java.util.Arrays.equals([Ljava/lang/Object;[Ljava/lang/Object;)Z @ 62
Event: 3.747 Thread 0x0000000003030800 Uncommon trap: reason=speculate_class_check action=maybe_recompile pc=0x00000000034a7be8 method=com.android.dx.util.FixedSizeList.equals(Ljava/lang/Object;)Z @ 25
Event: 3.747 Thread 0x0000000003030800 Uncommon trap: reason=class_check action=maybe_recompile pc=0x00000000034aa464 method=java.util.Arrays.equals([Ljava/lang/Object;[Ljava/lang/Object;)Z @ 62
Event: 3.747 Thread 0x0000000003030800 Uncommon trap: reason=speculate_class_check action=maybe_recompile pc=0x00000000034a7be8 method=com.android.dx.util.FixedSizeList.equals(Ljava/lang/Object;)Z @ 25
Event: 3.747 Thread 0x0000000003030800 Uncommon trap: reason=class_check action=maybe_recompile pc=0x00000000034aa464 method=java.util.Arrays.equals([Ljava/lang/Object;[Ljava/lang/Object;)Z @ 62

Internal exceptions (4 events):
Event: 0.042 Thread 0x0000000003030800 Exception <a 'java/lang/NoSuchMethodError': Method sun.misc.Unsafe.defineClass(Ljava/lang/String;[BII)Ljava/lang/Class; name or signature does not match> (0x00000000eab07cc0) thrown at [C:\src\android\AOSP-openjdk\external\jetbrains\jdk\hotspot\src\share\v≥ùü≠1S•?
Event: 0.042 Thread 0x0000000003030800 Exception <a 'java/lang/NoSuchMethodError': Method sun.misc.Unsafe.prefetchRead(Ljava/lang/Object;J)V name or signature does not match> (0x00000000eab07fa8) thrown at [C:\src\android\AOSP-openjdk\external\jetbrains\jdk\hotspot\src\share\vm\prims\jni.cpp, l°å∑8•¢Û?
Event: 1.227 Thread 0x00000000173c3800 Implicit null exception at 0x000000000345c948 to 0x000000000345ec41
Event: 2.310 Thread 0x000000001728e800 Implicit null exception at 0x00000000036185a2 to 0x0000000003618692

Events (10 events):
Event: 3.747 Thread 0x0000000003030800 Uncommon trap: trap_request=0xffffff76 fr.pc=0x00000000034a7be8
Event: 3.747 Thread 0x0000000003030800 DEOPT PACKING pc=0x00000000034a7be8 sp=0x000000000302eef0
Event: 3.747 Thread 0x0000000003030800 DEOPT UNPACKING pc=0x000000000317556a sp=0x000000000302eeb0 mode 2
Event: 3.747 Thread 0x0000000003030800 Uncommon trap: trap_request=0xffffffde fr.pc=0x00000000034aa464
Event: 3.747 Thread 0x0000000003030800 DEOPT PACKING pc=0x00000000034aa464 sp=0x000000000302ee80
Event: 3.747 Thread 0x0000000003030800 DEOPT UNPACKING pc=0x000000000317556a sp=0x000000000302ee20 mode 2
Event: 3.747 loading class com/android/dx/dex/code/CatchTable$Entry
Event: 3.747 loading class com/android/dx/dex/code/CatchTable$Entry done
Event: 3.748 loading class com/android/dx/util/ByteArrayAnnotatedOutput
Event: 3.748 loading class com/android/dx/util/ByteArrayAnnotatedOutput done


Dynamic libraries:
0x00007ff67e5f0000 - 0x00007ff67e621000 	C:\Program Files\Android\Android Studio\jre\bin\java.exe
0x00007ffb45f90000 - 0x00007ffb46161000 	C:\WINDOWS\SYSTEM32\ntdll.dll
0x00007ffb443d0000 - 0x00007ffb4447b000 	C:\WINDOWS\System32\KERNEL32.DLL
0x00007ffb43290000 - 0x00007ffb434ad000 	C:\WINDOWS\System32\KERNELBASE.dll
0x00007ffb45ee0000 - 0x00007ffb45f82000 	C:\WINDOWS\System32\ADVAPI32.dll
0x00007ffb43f20000 - 0x00007ffb43fbe000 	C:\WINDOWS\System32\msvcrt.dll
0x00007ffb43fc0000 - 0x00007ffb44019000 	C:\WINDOWS\System32\sechost.dll
0x00007ffb43590000 - 0x00007ffb436b1000 	C:\WINDOWS\System32\RPCRT4.dll
0x00007ffb45d30000 - 0x00007ffb45e95000 	C:\WINDOWS\System32\USER32.dll
0x00007ffb42520000 - 0x00007ffb4253e000 	C:\WINDOWS\System32\win32u.dll
0x00007ffb45ea0000 - 0x00007ffb45ed4000 	C:\WINDOWS\System32\GDI32.dll
0x00007ffb430a0000 - 0x00007ffb43222000 	C:\WINDOWS\System32\gdi32full.dll
0x00007ffb3ad50000 - 0x00007ffb3afc9000 	C:\WINDOWS\WinSxS\amd64_microsoft.windows.common-controls_6595b64144ccf1df_6.0.14393.447_none_42191651c6827bb3\COMCTL32.dll
0x00007ffb436c0000 - 0x00007ffb43987000 	C:\WINDOWS\System32\combase.dll
0x00007ffb42540000 - 0x00007ffb42635000 	C:\WINDOWS\System32\ucrtbase.dll
0x00007ffb434b0000 - 0x00007ffb4351a000 	C:\WINDOWS\System32\bcryptPrimitives.dll
0x00007ffb442c0000 - 0x00007ffb442ee000 	C:\WINDOWS\System32\IMM32.DLL
0x0000000054850000 - 0x0000000054922000 	C:\Program Files\Android\Android Studio\jre\jre\bin\msvcr100.dll
0x0000000054930000 - 0x0000000055164000 	C:\Program Files\Android\Android Studio\jre\jre\bin\server\jvm.dll
0x00007ffb44350000 - 0x00007ffb44358000 	C:\WINDOWS\System32\PSAPI.DLL
0x00007ffb347a0000 - 0x00007ffb347a9000 	C:\WINDOWS\SYSTEM32\WSOCK32.dll
0x00007ffb445f0000 - 0x00007ffb4465a000 	C:\WINDOWS\System32\WS2_32.dll
0x00007ffb402e0000 - 0x00007ffb40303000 	C:\WINDOWS\SYSTEM32\WINMM.dll
0x00007ffb3afe0000 - 0x00007ffb3afea000 	C:\WINDOWS\SYSTEM32\VERSION.dll
0x00007ffb40250000 - 0x00007ffb4027b000 	C:\WINDOWS\SYSTEM32\WINMMBASE.dll
0x00007ffb426f0000 - 0x00007ffb42732000 	C:\WINDOWS\System32\cfgmgr32.dll
0x00007ffb3f670000 - 0x00007ffb3f67f000 	C:\Program Files\Android\Android Studio\jre\jre\bin\verify.dll
0x00007ffb3a650000 - 0x00007ffb3a679000 	C:\Program Files\Android\Android Studio\jre\jre\bin\java.dll
0x00007ffb3f650000 - 0x00007ffb3f666000 	C:\Program Files\Android\Android Studio\jre\jre\bin\zip.dll
0x00007ffb44660000 - 0x00007ffb45b69000 	C:\WINDOWS\System32\SHELL32.dll
0x00007ffb42740000 - 0x00007ffb42e1a000 	C:\WINDOWS\System32\windows.storage.dll
0x00007ffb42420000 - 0x00007ffb4246c000 	C:\WINDOWS\System32\powrprof.dll
0x00007ffb43520000 - 0x00007ffb43572000 	C:\WINDOWS\System32\shlwapi.dll
0x00007ffb42410000 - 0x00007ffb4241f000 	C:\WINDOWS\System32\kernel.appcore.dll
0x00007ffb42640000 - 0x00007ffb426e9000 	C:\WINDOWS\System32\shcore.dll
0x00007ffb423f0000 - 0x00007ffb42404000 	C:\WINDOWS\System32\profapi.dll

VM Arguments:
jvm_args: -Djava.awt.headless=true -Xmx1024M -Dfile.encoding=windows-1252 -Duser.country=IN -Duser.language=en -Duser.variant 
java_command: com.android.dx.command.Main --dex --num-threads=4 --output E:\EcomSample-master\app\build\intermediates\pre-dexed\debug\com.android.support-support-core-utils-24.2.1_9585366e46bc89da008fb249843b164aadfaa8b5.jar E:\EcomSample-master\app\build\intermediates\exploded-aar\com.android.support\support-core-utils\24.2.1\jars\classes.jar
java_class_path (initial): C:\Users\Naseem\AppData\Local\Android\sdk\build-tools\24.0.1\lib\dx.jar
Launcher Type: SUN_STANDARD

Environment Variables:
JAVA_HOME=C:\Program Files\Java\jdk1.8.0_101
PATH=C:\Users\Naseem\AppData\Local\Android\sdk;C:\Newgradle\gradle-3.1\bin;C:\Program Files\Git\cmd;C:\Program Files\Git\mingw64\bin;C:\Program Files\Git\usr\bin;C:\Program Files (x86)\Skype\Phone\;C:\Program Files\OpenSSL\bin\;C:\Program Files\Java\jdk1.8.0_101\bin
USERNAME=Naseem
OS=Windows_NT
PROCESSOR_IDENTIFIER=Intel64 Family 6 Model 58 Stepping 9, GenuineIntel



---------------  S Y S T E M  ---------------

OS: Windows 10.0 , 64 bit Build 14393 (10.0.14393.0)

CPU:total 4 (2 cores per cpu, 2 threads per core) family 6 model 58 stepping 9, cmov, cx8, fxsr, mmx, sse, sse2, sse3, ssse3, sse4.1, sse4.2, popcnt, avx, clmul, erms, ht, tsc, tscinvbit, tscinv

Memory: 4k page, physical 4090216k(318580k free), swap 7235944k(5416k free)

vm_info: OpenJDK 64-Bit Server VM (25.76-b03) for windows-amd64 JRE (1.8.0_76-release-b03), built on Jun 29 2016 19:09:20 by "ralucas" with MS VC++ 10.0 (VS2010)

time: Sat Oct 28 11:41:45 2017
elapsed time: 3 seconds (0d 0h 0m 3s)

